2023-02-10 00:37:46,466 - INFO - Note: NumExpr detected 32 cores but "NUMEXPR_MAX_THREADS" not set, so enforcing safe limit of 8.
2023-02-10 00:37:46,466 - INFO - NumExpr defaulting to 8 threads.
2023-02-10 00:37:49,771 - INFO - []
2023-02-10 00:37:49,968 - INFO - Batch size 4
2023-02-10 00:37:50.046511: I tensorflow/core/platform/cpu_feature_guard.cc:142] This TensorFlow binary is optimized with oneAPI Deep Neural Network Library (oneDNN) to use the following CPU instructions in performance-critical operations:  SSE4.1 SSE4.2 AVX AVX2 AVX512F FMA
To enable them in other operations, rebuild TensorFlow with the appropriate compiler flags.
2023-02-10 00:37:52,731 - INFO - ===================================
2023-02-10 00:37:52,732 - INFO - Number of experiements = 20 
 It's not number of predictions. Num of predictions is upper bounded by 40 x 4 for each experiment
2023-02-10 00:37:52,732 - INFO - ===================================
2023-02-10 00:37:53.730298: I tensorflow/compiler/mlir/mlir_graph_optimization_pass.cc:116] None of the MLIR optimization passes are enabled (registered 2)
2023-02-10 00:37:53.730765: I tensorflow/core/platform/profile_utils/cpu_utils.cc:112] CPU Frequency: 2100000000 Hz
2023-02-10 00:38:10,331 - INFO - 
scores [ 579.   248.4  600.  1032. ] - pixelwise [0.601  0.1187 0.3096 0.6216] - custom [ 6.53 14.75 10.8   1.75]

2023-02-10 00:38:26,463 - INFO - 
scores [ 512.  256.  512. 1144.] - pixelwise [0.3306 0.318  0.3245 1.209 ] - custom [ -3.656 -16.34    7.78   -3.25 ]

2023-02-10 00:38:42,445 - INFO - 
scores [ 281. 1024. 1024.  512.] - pixelwise [0.1864 0.43   0.5176 0.7153] - custom [ 16.66   -2.766   2.297 -67.5  ]

2023-02-10 00:38:59,398 - INFO - 
scores [1024.  2048.  2048.   311.2] - pixelwise [0.6    0.641  0.6787 0.3188] - custom [ -9.05   -11.5     -2.219    0.9688]

2023-02-10 00:39:15,354 - INFO - 
scores [ 274.  523. 1034.  525.] - pixelwise [0.4082 0.5767 1.037  0.6147] - custom [ -3.469   4.344 -26.62   10.06 ]

2023-02-10 00:39:31,287 - INFO - 
scores [ 261.5 1024.  1024.   512. ] - pixelwise [0.723  0.4019 0.877  0.3318] - custom [ -9.06    -0.0625   2.766  -10.97  ]

2023-02-10 00:39:47,386 - INFO - 
scores [ 515.5 2076.   513.5  351.2] - pixelwise [0.431  1.106  0.3535 0.3645] - custom [0.03125 0.6797  1.4375  9.31   ]

2023-02-10 00:40:03,335 - INFO - 
scores [ 761.   256.  1024.   382.2] - pixelwise [0.3887  0.10754 0.442   0.4133 ] - custom [  4.14   15.03    5.547 -11.875]

2023-02-10 00:40:19,231 - INFO - 
scores [514. 531. 512. 512.] - pixelwise [0.5063 0.6567 0.4797 0.9287] - custom [-11.06 -37.34 -14.97   2.25]

2023-02-10 00:40:35,078 - INFO - 
scores [ 256. 1030.  545. 1024.] - pixelwise [0.1859 0.6855 0.607  1.006 ] - custom [  5.125   2.672   7.094 -13.94 ]

2023-02-10 00:40:50,886 - INFO - 
scores [1024.  1024.  2048.  1019.5] - pixelwise [0.5317 0.5127 0.5664 0.236 ] - custom [ 3.406  5.83  -1.594 -7.67 ]

2023-02-10 00:41:06,804 - INFO - 
scores [1024. 2268. 1162. 2670.] - pixelwise [0.4502 1.729  0.657  1.338 ] - custom [  3.969  -1.93  -10.67   -6.227]

2023-02-10 00:41:22,811 - INFO - 
scores [1024.  512. 1024. 1024.] - pixelwise [0.4863 0.3447 0.6587 0.5566] - custom [-31.31     3.156    0.7812  -0.7812]

2023-02-10 00:41:38,627 - INFO - 
scores [1024.   256.   524.5 1384. ] - pixelwise [0.6562 0.1976 0.563  1.059 ] - custom [  3.797   7.22  -23.55   -6.766]

2023-02-10 00:41:54,490 - INFO - 
scores [1024.  523. 1024. 2048.] - pixelwise [0.433  0.615  0.4353 0.934 ] - custom [ 2.      5.89    2.625  -0.0625]

2023-02-10 00:42:10,491 - INFO - 
scores [1024.  256.  512. 2048.] - pixelwise [0.388  0.2244 0.423  0.559 ] - custom [-14.5      -2.469   -36.28     -0.09375]

2023-02-10 00:42:26,386 - INFO - 
scores [ 580.  256.  256. 2190.] - pixelwise [0.8447 0.2012 0.4067 1.399 ] - custom [  1.891  15.25  -21.56   -6.953]

2023-02-10 00:42:42,518 - INFO - 
scores [2068.  1024.  1240.   298.5] - pixelwise [1.056  0.6997 0.727  0.376 ] - custom [-7.125  6.25  -4.703 19.94 ]

2023-02-10 00:42:58,638 - INFO - 
scores [ 512.   514.5  517.  1053. ] - pixelwise [0.7085 0.2218 0.289  0.7666] - custom [-3.062   1.3125  1.766  -5.406 ]

2023-02-10 00:43:14,819 - INFO - 
scores [ 512.  624. 1024.  955.] - pixelwise [0.4587 0.8574 0.5737 0.4001] - custom [ -3.469 -28.86    2.281   7.797]

2023-02-10 00:43:30,874 - INFO - 
scores [ 256. 2048.  512. 1024.] - pixelwise [0.2174 0.834  0.634  1.074 ] - custom [  1.    -6.03   6.58 -22.1 ]

2023-02-10 00:43:46,659 - INFO - 
scores [ 512. 1024. 2048.  619.] - pixelwise [0.4648 0.4355 0.326  0.588 ] - custom [-2.625  0.5   -5.83  -8.625]

2023-02-10 00:44:02,645 - INFO - 
scores [1024.   761.5 1024.  1027. ] - pixelwise [0.4683 0.4968 0.753  0.503 ] - custom [  0.2812 -11.56     2.047    5.438 ]

2023-02-10 00:44:18,748 - INFO - 
scores [200.5 875.  265.  512. ] - pixelwise [0.3042 1.1045 0.266  0.4678] - custom [ -34.   -118.6    14.39  -10.94]

2023-02-10 00:44:35,015 - INFO - 
scores [ 679.   461.  1024.   458.5] - pixelwise [0.3315 0.1853 0.5684 0.349 ] - custom [ -5.594  17.14   -6.125 -13.34 ]

2023-02-10 00:44:51,067 - INFO - 
scores [ 512.   729.5 2048.  1182. ] - pixelwise [0.3203 0.569  0.5874 0.863 ] - custom [ 6.11  -5.78  -5.797  3.11 ]

2023-02-10 00:45:06,812 - INFO - 
scores [ 512.  512. 1560. 2048.] - pixelwise [0.4592 0.3271 0.5156 0.9526] - custom [  6.406   3.688 -33.62  -18.05 ]

2023-02-10 00:45:22,743 - INFO - 
scores [ 776.   131.1  516.5 1024. ] - pixelwise [0.7334 0.1951 0.38   0.4924] - custom [-2.062 13.91   5.516  4.734]

2023-02-10 00:45:38,515 - INFO - 
scores [ 512.   528.5 1038.  1107. ] - pixelwise [0.3481 0.2646 0.647  1.124 ] - custom [ -2.094   -0.4375 -20.56     0.578 ]

2023-02-10 00:45:54,018 - INFO - 
scores [ 256.   153.8 2048.   331.8] - pixelwise [0.2517 0.158  0.7915 0.4111] - custom [-17.78     3.5      0.6094   5.625 ]

2023-02-10 00:46:09,790 - INFO - 
scores [ 361.8  723.   361.  2048. ] - pixelwise [0.296  0.2356 0.4336 0.8184] - custom [4.     4.797  0.9062 0.4219]

2023-02-10 00:46:25,932 - INFO - 
scores [ 512.  512.  256. 1531.] - pixelwise [0.4224 0.3933 0.3452 0.6074] - custom [ 0.5938  1.25   -5.062   3.312 ]

2023-02-10 00:46:42,047 - INFO - 
scores [ 320.8  422.5 1399.   512. ] - pixelwise [0.2952 0.4128 1.091  0.279 ] - custom [-18.81     2.562   -0.8438  -7.562 ]

2023-02-10 00:46:58,129 - INFO - 
scores [ 512.  1024.   907.5  371.8] - pixelwise [0.4138 0.429  0.2266 0.3618] - custom [-16.84  -11.56    5.797  12.16 ]

2023-02-10 00:47:13,953 - INFO - 
scores [202.1 790.  684.5 256. ] - pixelwise [0.1537 0.5034 0.85   0.1729] - custom [ 17.84  -13.17    3.625  -8.22 ]

2023-02-10 00:47:30,099 - INFO - 
scores [ 512. 1024.  512. 1024.] - pixelwise [0.3542 0.7734 0.3699 0.728 ] - custom [ 6.938 -7.    -7.125 -5.375]

2023-02-10 00:47:46,229 - INFO - 
scores [ 507.5 1052.   258.  1024. ] - pixelwise [0.5073 0.793  0.2634 0.3215] - custom [   2.89  -170.2     15.984    1.25 ]

2023-02-10 00:48:02,181 - INFO - 
scores [1814.   512.   900.5  866. ] - pixelwise [0.3552 0.4858 0.5586 0.3467] - custom [-63.2    -6.53    8.28   -6.938]

2023-02-10 00:48:18,216 - INFO - 
scores [1024.   256.   513.5 2048. ] - pixelwise [0.4634 0.4434 0.3325 0.9453] - custom [-7.83   -3.5     6.703   0.3984]

2023-02-10 00:48:34,250 - INFO - 
scores [2048.  256. 1024.  256.] - pixelwise [0.5415 0.2365 0.448  0.2422] - custom [-52.62    10.       0.3281  19.8   ]

2023-02-10 00:48:34,250 - INFO - ******* last iteration *******
scores: [2048.  256. 1024.  256.] 
scores pixelwise: [0.5415 0.2365 0.448  0.2422] 
custom scores: [-52.62    10.       0.3281  19.8   ]
2023-02-10 00:48:50,808 - INFO - 
scores [ 514.   512.  1024.   817.5] - pixelwise [0.3113 0.3455 0.1514 0.6846] - custom [10.2  13.78 15.68 13.28]

2023-02-10 00:49:06,923 - INFO - 
scores [512.  512.  704.5 512. ] - pixelwise [0.1589 0.3115 0.4397 0.313 ] - custom [12.125 17.47  13.87  14.22 ]

2023-02-10 00:49:22,511 - INFO - 
scores [ 512.   404.5  512.  1038. ] - pixelwise [0.472  0.0884 0.2004 0.4285] - custom [12.53 21.92 11.28  8.71]

2023-02-10 00:49:38,059 - INFO - 
scores [ 512. 1027.  512.  512.] - pixelwise [0.1799 0.4915 0.266  0.2059] - custom [17.14   7.445 13.58  13.484]

2023-02-10 00:49:53,613 - INFO - 
scores [570.  533.5 523.  512. ] - pixelwise [0.7183 0.4421 0.6465 0.383 ] - custom [ 3.11  16.84  14.34  14.625]

2023-02-10 00:50:09,176 - INFO - 
scores [1024.  1024.   541.5  512. ] - pixelwise [0.693  0.658  0.1533 0.2832] - custom [ 3.438  4.656 14.19  14.75 ]

2023-02-10 00:50:24,730 - INFO - 
scores [ 512. 1024.  512. 1024.] - pixelwise [0.2097 0.983  0.2056 0.534 ] - custom [15.2    5.297  7.312  6.344]

2023-02-10 00:50:40,234 - INFO - 
scores [1024. 1081.  514. 2048.] - pixelwise [0.3743 0.8223 0.1685 0.452 ] - custom [  0.2812 -19.94    12.016    1.5   ]

2023-02-10 00:50:55,810 - INFO - 
scores [ 420.5 2048.  1024.   512. ] - pixelwise [0.0685 0.8477 0.571  0.2289] - custom [21.89  -4.094  8.03  10.516]

2023-02-10 00:51:11,191 - INFO - 
scores [ 225.1  938.  1024.   670. ] - pixelwise [0.04446 0.1426  0.248   0.2822 ] - custom [28.88   3.969  7.914  9.14 ]

2023-02-10 00:51:26,706 - INFO - 
scores [1098.  512. 1024. 1024.] - pixelwise [0.963  0.1842 0.541  0.6597] - custom [3.688 6.953 3.656 5.14 ]

2023-02-10 00:51:42,213 - INFO - 
scores [1056.  2048.   554.5  389. ] - pixelwise [0.9165 0.9717 0.518  0.1442] - custom [  3.781 -20.84    3.766  21.89 ]

2023-02-10 00:51:57,661 - INFO - 
scores [512.  512.  556.  310.5] - pixelwise [0.05234 0.191   0.2615  0.4863 ] - custom [13.72   14.03    8.06    0.9062]

2023-02-10 00:52:13,146 - INFO - 
scores [1032.   489.8  518.  1044. ] - pixelwise [0.757   0.11694 0.6807  0.7886 ] - custom [ 3.61  14.47   6.016  5.734]

2023-02-10 00:52:28,584 - INFO - 
scores [ 269.  686.  520. 1024.] - pixelwise [0.1049 0.338  0.5825 0.3015] - custom [24.27  9.61 17.69  5.39]

2023-02-10 00:52:44,072 - INFO - 
scores [ 512.   390.8 2048.  2048. ] - pixelwise [0.2461 0.2942 0.3767 0.268 ] - custom [10.05  19.77   5.445 -5.375]

2023-02-10 00:52:59,500 - INFO - 
scores [1024.  512.  512.  512.] - pixelwise [0.1276 0.1377 0.2837 0.1527] - custom [ 3.219  6.25  13.09  15.914]

2023-02-10 00:53:15,061 - INFO - 
scores [ 512.  1024.   512.   811.5] - pixelwise [0.02444 0.8535  0.03056 0.2413 ] - custom [13.58   1.922 13.516  9.81 ]

2023-02-10 00:53:30,602 - INFO - 
scores [1024.  512. 1024.  512.] - pixelwise [0.3906 0.3557 0.552  0.2952] - custom [ 7.85  18.28   3.719 15.914]

2023-02-10 00:53:46,136 - INFO - 
scores [ 952.   512.   526.5 1024. ] - pixelwise [0.2212 0.3438 0.4158 0.615 ] - custom [14.03  11.875  6.36   5.625]

2023-02-10 00:54:01,675 - INFO - 
scores [ 514.  2036.  1024.   360.8] - pixelwise [0.505  0.7354 0.282  0.1588] - custom [ 9.36   3.203 15.875 21.12 ]

2023-02-10 00:54:17,198 - INFO - 
scores [ 512.   737.5  512.  1024. ] - pixelwise [0.218  0.1617 0.542  0.4585] - custom [15.99   9.234  9.06   8.32 ]

2023-02-10 00:54:32,705 - INFO - 
scores [1024.  512.  512.  579.] - pixelwise [0.5557  0.10596 0.0924  0.807  ] - custom [ 7.305 14.734 12.234  2.844]

2023-02-10 00:54:48,256 - INFO - 
scores [ 992.  1024.   722.5 1024. ] - pixelwise [0.3257 0.1466 0.313  0.5005] - custom [ 3.281  7.047 12.58  10.59 ]

2023-02-10 00:55:03,837 - INFO - 
scores [ 512.   512.  1102.   330.5] - pixelwise [0.3706 0.28   0.522  0.108 ] - custom [13.16  14.78  10.305 24.47 ]

2023-02-10 00:55:19,392 - INFO - 
scores [1024.   856.5  282.5  977.5] - pixelwise [0.3652  0.898   0.03928 0.5645 ] - custom [  8.51  -7.92  23.67 -29.25]

2023-02-10 00:55:34,915 - INFO - 
scores [ 256.   520.  1028.   258.5] - pixelwise [0.2783 0.3162 0.3582 0.0259] - custom [21.67  12.25   8.305 24.98 ]

2023-02-10 00:55:50,440 - INFO - 
scores [ 512.  1024.  1024.   548.5] - pixelwise [0.0819 0.1501 0.2449 0.5947] - custom [14.91   6.594  7.258  0.125]

2023-02-10 00:56:05,953 - INFO - 
scores [ 512. 1024. 1251. 2048.] - pixelwise [0.1338 0.2306 0.502  0.61  ] - custom [16.     8.78  -1.156  1.922]

2023-02-10 00:56:21,481 - INFO - 
scores [ 512. 1042. 1024.  512.] - pixelwise [0.2822 0.7734 0.161  0.2129] - custom [18.31   4.656  7.57  12.734]

2023-02-10 00:56:36,953 - INFO - 
scores [512. 512. 512. 512.] - pixelwise [0.2432 0.456  0.4949 0.3403] - custom [14.28  18.6    4.188 13.06 ]

2023-02-10 00:56:52,463 - INFO - 
scores [ 612.   512.   468.5 1024. ] - pixelwise [0.1774 0.3608 0.157  0.548 ] - custom [ 9.69 17.94 15.39  1.  ]

2023-02-10 00:57:07,985 - INFO - 
scores [1024.  1024.   268.8 1024. ] - pixelwise [0.67   0.614  0.2188 0.521 ] - custom [  0.75 -25.81  23.61   7.54]

2023-02-10 00:57:23,497 - INFO - 
scores [2048.  512.  516.  512.] - pixelwise [0.61   0.3752 0.593  0.4382] - custom [-116.4      6.688   13.92     5.78 ]

2023-02-10 00:57:38,994 - INFO - 
scores [1024.   514.   512.   584.5] - pixelwise [0.561  0.4553 0.1445 0.1616] - custom [-56.62   14.95   13.516  12.97 ]

2023-02-10 00:57:54,406 - INFO - 
scores [ 512. 2048.  512. 1032.] - pixelwise [0.257  0.4958 0.4336 0.3826] - custom [ 12.97  -3.5   14.95 -31.12]

2023-02-10 00:58:09,838 - INFO - 
scores [ 512. 1024. 2048. 1024.] - pixelwise [0.26   0.1553 0.817  0.408 ] - custom [13.67   6.836  3.64  10.66 ]

2023-02-10 00:58:25,361 - INFO - 
scores [2048.  512. 1024. 1024.] - pixelwise [0.643  0.2517 0.5635 0.61  ] - custom [-14.78   14.375   3.094   2.172]

2023-02-10 00:58:40,901 - INFO - 
scores [681. 257. 512. 512.] - pixelwise [0.5576  0.05914 0.1306  0.2864 ] - custom [11.75  27.83  12.984  7.375]

2023-02-10 00:58:56,358 - INFO - 
scores [ 512. 1024. 1024. 1024.] - pixelwise [0.1318 0.6763 0.22   0.4792] - custom [13.625  7.15   5.92  10.19 ]

2023-02-10 00:58:56,358 - INFO - ******* last iteration *******
scores: [ 512. 1024. 1024. 1024.] 
scores pixelwise: [0.1318 0.6763 0.22   0.4792] 
custom scores: [13.625  7.15   5.92  10.19 ]
2023-02-10 00:59:12,408 - INFO - 
scores [ 256. 1024. 1024.  256.] - pixelwise [0.1653  0.3286  0.2269  0.10724] - custom [21.66   2.484  2.594 25.2  ]

2023-02-10 00:59:27,999 - INFO - 
scores [514.5 512.  512.  523.5] - pixelwise [0.315  0.55   0.2151 0.5874] - custom [15.625 13.64  13.25  11.72 ]

2023-02-10 00:59:43,544 - INFO - 
scores [ 512.  311. 1024.  512.] - pixelwise [0.359  0.4285 0.648  0.2861] - custom [10.7    13.7    -0.4375 12.75  ]

2023-02-10 00:59:59,086 - INFO - 
scores [2048. 1460. 2048. 1024.] - pixelwise [0.6865 0.7314 0.8394 0.8193] - custom [-30.11   -3.156  -2.36  -10.03 ]

2023-02-10 01:00:14,623 - INFO - 
scores [ 428.  512. 1024. 2048.] - pixelwise [0.1919 0.1383 0.2979 0.82  ] - custom [18.1  13.78  6.25 -5.36]

2023-02-10 01:00:30,162 - INFO - 
scores [ 862.   303.2 1025.  1024. ] - pixelwise [0.2407 0.0797 0.3179 0.81  ] - custom [16.62  23.27   7.117  2.656]

2023-02-10 01:00:45,713 - INFO - 
scores [ 260.2 2048.  1024.   512. ] - pixelwise [0.02313 1.104   0.513   0.2854 ] - custom [ 28.03  -91.25    4.594  12.78 ]

2023-02-10 01:01:01,244 - INFO - 
scores [1024.  256.  256.  256.] - pixelwise [0.5767  0.1895  0.05927 0.1758 ] - custom [ 1.75 22.97 22.45 19.64]

2023-02-10 01:01:16,729 - INFO - 
scores [512.  256.  680.  435.2] - pixelwise [0.3167 0.1466 0.3909 0.1943] - custom [10.53  22.52   8.17  14.625]

2023-02-10 01:01:32,237 - INFO - 
scores [ 512.   258.   256.5 1031. ] - pixelwise [0.2384 0.0985 0.3594 0.741 ] - custom [15.89   23.6    24.17    0.3594]

2023-02-10 01:01:47,806 - INFO - 
scores [ 275.2 1088.  2048.  2902. ] - pixelwise [0.2756 0.507  0.651  1.737 ] - custom [21.31     8.81    -0.03125 -0.828  ]

2023-02-10 01:02:03,292 - INFO - 
scores [ 498.2 4096.   512.  1037. ] - pixelwise [0.557  1.196  0.3413 0.7856] - custom [  3.578 -10.22   12.47   -2.812]

2023-02-10 01:02:18,771 - INFO - 
scores [ 555. 1024.  512. 1024.] - pixelwise [0.3684 0.6206 0.1157 0.4897] - custom [ 4.266  4.312 10.17   8.21 ]

2023-02-10 01:02:34,318 - INFO - 
scores [ 516.5 1024.   595.5  531. ] - pixelwise [0.3298 0.489  0.374  0.661 ] - custom [12.06   1.922 15.125  5.5  ]

2023-02-10 01:02:49,848 - INFO - 
scores [ 521.  259. 1024. 1681.] - pixelwise [0.539  0.1193 0.526  1.399 ] - custom [ 9.86 23.61  2.36 -9.91]

2023-02-10 01:03:05,267 - INFO - 
scores [1024. 1024.  811. 1064.] - pixelwise [0.5947 0.3193 0.2546 0.8857] - custom [-1.672  8.84   9.67  -6.61 ]

2023-02-10 01:03:20,776 - INFO - 
scores [2048.  2048.   512.   258.5] - pixelwise [0.427 1.091 0.393 0.151] - custom [ 5.46   2.234  1.25  24.84 ]

2023-02-10 01:03:36,547 - INFO - 
scores [2048. 1024.  352. 1024.] - pixelwise [0.5215 0.3193 0.257  0.4197] - custom [ 3.656  5.688 19.22   9.61 ]

2023-02-10 01:03:52,958 - INFO - 
scores [1024.   533.5 1264.  1024. ] - pixelwise [0.5176 0.614  1.075  0.2091] - custom [ 6.97   14.22   -0.4375  2.531 ]

2023-02-10 01:04:09,169 - INFO - 
scores [ 256.  512. 1024. 1041.] - pixelwise [0.328  0.245  0.4917 0.934 ] - custom [16.81   14.66    6.375   0.9688]

2023-02-10 01:04:25,409 - INFO - 
scores [676. 512. 256. 512.] - pixelwise [0.3213  0.1617  0.1968  0.06125] - custom [13.03 16.   17.25 13.41]

2023-02-10 01:04:42,141 - INFO - 
scores [262.2 512.  512.  537.5] - pixelwise [0.0979 0.2449 0.211  0.485 ] - custom [24.2   14.8   10.61   5.688]

2023-02-10 01:04:58,405 - INFO - 
scores [2630.  816. 1024. 2048.] - pixelwise [1.828  0.809  0.4915 0.62  ] - custom [ -5.33  -18.81    7.734   3.984]

2023-02-10 01:05:14,665 - INFO - 
scores [ 672.5 2048.  1024.  1024. ] - pixelwise [0.4714 0.9785 0.4204 0.699 ] - custom [14.41   2.898 -3.11  10.58 ]

2023-02-10 01:05:31,075 - INFO - 
scores [2048.  1024.   615.5  512. ] - pixelwise [0.8325 0.594  0.1447 0.2441] - custom [  3.36 -10.84  10.56  12.84]

2023-02-10 01:05:47,338 - INFO - 
scores [ 512.  532. 2258.  557.] - pixelwise [0.2908 0.691  1.235  0.691 ] - custom [12.266 15.39  -4.406 10.44 ]

2023-02-10 01:06:03,577 - INFO - 
scores [ 506.5  654.  1024.  1024. ] - pixelwise [0.467  0.3625 0.501  0.4863] - custom [ 1.3125  5.75   -0.8906  7.438 ]

2023-02-10 01:06:19,918 - INFO - 
scores [1062.  512.  512.  512.] - pixelwise [0.569   0.3337  0.10583 0.2031 ] - custom [ 7.266 11.59  14.484 14.53 ]

2023-02-10 01:06:36,915 - INFO - 
scores [ 512.  512.  512. 1024.] - pixelwise [0.478  0.4163 0.102  0.542 ] - custom [ 9.81   8.    14.75   5.203]

2023-02-10 01:06:53,854 - INFO - 
scores [ 512. 1024.  512. 1024.] - pixelwise [0.4744 0.68   0.3577 1.338 ] - custom [ 6.188  4.656 12.984  6.08 ]

2023-02-10 01:07:10,772 - INFO - 
scores [1024. 1039. 1024. 1411.] - pixelwise [0.623  0.807  0.844  0.4739] - custom [6.312 4.39  4.312 6.406]

2023-02-10 01:07:27,611 - INFO - 
scores [1258.  1627.   256.2  464. ] - pixelwise [1.437   0.5947  0.02864 0.2295 ] - custom [-30.14   5.42  25.1   15.75]

2023-02-10 01:07:44,507 - INFO - 
scores [ 512.   858.5  259.5 1520. ] - pixelwise [0.2688 0.4175 0.401  1.109 ] - custom [ 15.55  13.    23.08 -18.81]

2023-02-10 01:08:01,446 - INFO - 
scores [1289.   256.   594.5 1036. ] - pixelwise [0.777  0.1919 0.6567 0.772 ] - custom [ 0.5312 19.67    4.656   1.1875]

2023-02-10 01:08:18,431 - INFO - 
scores [1047.  896. 1024. 1024.] - pixelwise [0.8394 0.4639 0.4697 0.467 ] - custom [ 1.578 10.625  3.281  9.89 ]

2023-02-10 01:08:35,302 - INFO - 
scores [ 373.2  664.  1024.  1220. ] - pixelwise [0.2737 0.7373 0.5264 0.992 ] - custom [11.484 -3.094  7.812  6.047]

2023-02-10 01:08:52,161 - INFO - 
scores [331.8 512.  512.  512. ] - pixelwise [0.37   0.229  0.2795 0.3828] - custom [11.81 13.09 10.92 13.8 ]

2023-02-10 01:09:09,088 - INFO - 
scores [1144.  257.  512. 1024.] - pixelwise [0.9795  0.11194 0.1111  0.821  ] - custom [ 2.703 24.27  10.7   11.66 ]

2023-02-10 01:09:26,052 - INFO - 
scores [ 512.   315.8 1024.  1024. ] - pixelwise [0.1969 0.459  0.569  0.4375] - custom [1.566e+01 1.995e+01 9.281e+00 1.563e-02]

2023-02-10 01:09:42,969 - INFO - 
scores [ 512.  760.  497. 1024.] - pixelwise [0.1881 0.5854 0.1906 0.327 ] - custom [13.75   3.766 19.67   5.125]

2023-02-10 01:09:42,970 - INFO - ******* last iteration *******
scores: [ 512.  760.  497. 1024.] 
scores pixelwise: [0.1881 0.5854 0.1906 0.327 ] 
custom scores: [13.75   3.766 19.67   5.125]
2023-02-10 01:10:00,276 - INFO - 
scores [ 256.   290.2  512.  2048. ] - pixelwise [0.2332 0.4778 0.45   0.6025] - custom [ 9.    -5.22   8.234  0.633]

2023-02-10 01:10:17,183 - INFO - 
scores [921.5 455.8 768.5 256. ] - pixelwise [0.6455 0.4548 0.1738 0.1946] - custom [ 1.906  -0.6875 11.75    7.094 ]

2023-02-10 01:10:34,173 - INFO - 
scores [1024.  515.  623.  476.] - pixelwise [0.4497 0.2144 0.474  0.3115] - custom [ 3.86   9.03   6.797 11.5  ]

2023-02-10 01:10:50,558 - INFO - 
scores [ 891.5  553.  1506.   330.5] - pixelwise [0.4775 0.8237 1.326  0.451 ] - custom [  8.84   -16.1     -1.5625 -48.22  ]

2023-02-10 01:11:06,776 - INFO - 
scores [553.5 684.  827.  866. ] - pixelwise [0.4138 0.432  0.803  0.28  ] - custom [  9.25    5.86  -11.28   -4.484]

2023-02-10 01:11:23,069 - INFO - 
scores [ 551.  1059.   527.5 1024. ] - pixelwise [0.6045 0.722  0.6597 0.5005] - custom [ 1.3125 -9.33   12.44   -3.203 ]

2023-02-10 01:11:39,294 - INFO - 
scores [1070.   512.   813.5  545. ] - pixelwise [1.101  0.2128 0.735  0.3406] - custom [  -6.703   13.58  -889.       5.188]

2023-02-10 01:11:55,526 - INFO - 
scores [ 513.  1024.  1024.   321.2] - pixelwise [0.3843 0.4001 0.6074 0.4917] - custom [ 4.266  8.195  2.016 -7.72 ]

2023-02-10 01:12:11,820 - INFO - 
scores [1024.  512.  291.  512.] - pixelwise [0.463  0.2405 0.364  0.3813] - custom [-0.5625 10.53   16.44    7.97  ]

2023-02-10 01:12:28,049 - INFO - 
scores [1024.  612. 1841. 1024.] - pixelwise [0.2778 0.5293 0.8867 0.656 ] - custom [  7.484  -2.266 -16.31    3.11 ]

2023-02-10 01:12:44,342 - INFO - 
scores [1300.  554. 1024.  566.] - pixelwise [0.9907 0.2405 0.534  0.3547] - custom [-45.12    7.156   6.688  11.66 ]

2023-02-10 01:13:00,574 - INFO - 
scores [ 499.2 1090.  1057.  1182. ] - pixelwise [0.5825 1.127  0.529  0.7793] - custom [-48.53     0.0781   8.24     3.61  ]

2023-02-10 01:13:16,838 - INFO - 
scores [512.  512.  519.5 256. ] - pixelwise [0.1401 0.3333 1.34   0.229 ] - custom [ 7.297  -0.7812  2.062   0.6562]

2023-02-10 01:13:33,591 - INFO - 
scores [ 512.  2048.   512.   642.5] - pixelwise [0.3384 0.4226 0.4517 0.704 ] - custom [  8.72   -2.734 -17.22   10.03 ]

2023-02-10 01:13:50,562 - INFO - 
scores [1024.  512.  512. 1070.] - pixelwise [0.3975 0.4749 0.4553 0.8496] - custom [ 7.414 11.516 -2.375  6.68 ]

2023-02-10 01:14:07,296 - INFO - 
scores [ 512.  1026.  4096.   395.2] - pixelwise [0.567  0.717  1.075  0.4978] - custom [-0.375 -1.375 -5.58  -2.5  ]

2023-02-10 01:14:24,283 - INFO - 
scores [ 512.  512. 1024.  512.] - pixelwise [0.5356 0.467  0.5273 0.493 ] - custom [-10.94  -47.47    5.453  -1.531]

2023-02-10 01:14:41,232 - INFO - 
scores [ 512.  269. 1651. 1024.] - pixelwise [0.3079 0.6934 0.5586 0.6313] - custom [ 7.83  -4.906 -3.734  2.328]

2023-02-10 01:14:58,148 - INFO - 
scores [ 512. 4096.  512. 1024.] - pixelwise [0.4678 0.6406 0.4316 0.4783] - custom [-10.53  -21.56    7.625   1.703]

2023-02-10 01:15:15,050 - INFO - 
scores [1024.  512. 1127. 1024.] - pixelwise [0.38   0.5874 0.9404 0.4065] - custom [  3.094  -20.25     1.8125   4.58  ]

2023-02-10 01:15:31,964 - INFO - 
scores [ 512.   529.   519.5 2048. ] - pixelwise [0.2441 0.4312 0.4917 0.808 ] - custom [12.41   4.047 -8.94   0.289]

2023-02-10 01:15:48,853 - INFO - 
scores [ 306.2 1032.  2048.  1024. ] - pixelwise [0.2666 0.5493 0.7607 0.3638] - custom [10.89   2.547  3.031 -2.64 ]

2023-02-10 01:16:05,764 - INFO - 
scores [1101. 2048. 1025.  519.] - pixelwise [0.945  0.4133 0.4258 0.5645] - custom [ 0.6562 -2.828   5.92    1.0625]

2023-02-10 01:16:22,538 - INFO - 
scores [1024.  1024.  1867.   288.2] - pixelwise [0.5605 0.7886 1.141  0.557 ] - custom [-0.4688 -4.08   -5.22    1.75  ]

2023-02-10 01:16:39,292 - INFO - 
scores [1024.  512. 2048.  512.] - pixelwise [0.775  0.1758 0.737  0.2551] - custom [ 5.844 15.41   1.836  0.5  ]

2023-02-10 01:16:56,165 - INFO - 
scores [ 256. 1024.  603. 1289.] - pixelwise [0.272  0.1764 0.582  0.689 ] - custom [-0.5938  3.984  -0.9688 -4.39  ]

2023-02-10 01:17:13,015 - INFO - 
scores [1024.   570.5 1204.  1024. ] - pixelwise [0.545  0.7563 1.242  0.5503] - custom [  5.297 -26.9   -46.25    6.062]

2023-02-10 01:17:29,923 - INFO - 
scores [ 512.  256. 1024. 1024.] - pixelwise [0.2349 0.3264 1.004  0.614 ] - custom [ 9.55  16.     5.39   3.125]

2023-02-10 01:17:46,613 - INFO - 
scores [512.  602.  266.5 544.5] - pixelwise [0.3416 0.455  0.3396 0.782 ] - custom [ 4.953  7.297 17.97  -3.484]

2023-02-10 01:18:02,027 - INFO - 
scores [1024. 1024. 1099.  534.] - pixelwise [0.5503 0.5625 0.6562 0.7065] - custom [ 3.562  -5.39   -0.5312  5.92  ]

2023-02-10 01:18:17,516 - INFO - 
scores [2048.   256.   519.5 1024. ] - pixelwise [0.9263 0.2961 0.7705 0.5947] - custom [ -4.734  19.5   -32.03  -59.25 ]

2023-02-10 01:18:32,991 - INFO - 
scores [512.  520.  311.2 516. ] - pixelwise [0.3755 0.3716 0.4395 0.507 ] - custom [11.95   6.156 11.14   1.031]

2023-02-10 01:18:48,524 - INFO - 
scores [1024.   758.5 1038.   512. ] - pixelwise [0.4321 0.878  0.7563 0.4543] - custom [ 4.812  -0.5156  4.484   8.94  ]

2023-02-10 01:19:03,988 - INFO - 
scores [ 976.  1058.   512.   535.5] - pixelwise [0.919 0.631 0.374 0.759] - custom [-29.06    4.453   4.844   6.28 ]

2023-02-10 01:19:19,548 - INFO - 
scores [ 632.   256.  1024.   256.8] - pixelwise [0.62   0.2673 0.5815 0.3872] - custom [2.156 8.125 3.781 3.938]

2023-02-10 01:19:34,924 - INFO - 
scores [1196.   613.5 1240.  1024. ] - pixelwise [1.268  0.6367 0.6    0.5576] - custom [-12.92    1.516  -5.47   -6.062]

2023-02-10 01:19:50,354 - INFO - 
scores [ 512.   685.5 2048.  1024. ] - pixelwise [0.4934 0.951  0.7114 0.909 ] - custom [ -7.53   -3.344 -10.81    3.078]

2023-02-10 01:20:05,813 - INFO - 
scores [ 512.   256.  1024.   333.8] - pixelwise [0.4397 0.4653 0.5923 0.3242] - custom [-29.66    3.938   3.281   2.312]

2023-02-10 01:20:21,295 - INFO - 
scores [1024.  512.  512.  512.] - pixelwise [0.6577 0.35   0.263  0.3696] - custom [ 0.9844  8.05   13.11    6.188 ]

2023-02-10 01:20:36,687 - INFO - 
scores [ 631. 1024.  774.  512.] - pixelwise [0.4114 0.951  0.4783 0.2202] - custom [-15.375   -0.2344  -4.875    7.906 ]

2023-02-10 01:20:36,688 - INFO - ******* last iteration *******
scores: [ 631. 1024.  774.  512.] 
scores pixelwise: [0.4114 0.951  0.4783 0.2202] 
custom scores: [-15.375   -0.2344  -4.875    7.906 ]
2023-02-10 01:20:52,509 - INFO - 
scores [ 569. 1024.  559. 1921.] - pixelwise [0.642  0.4563 0.2764 0.4297] - custom [-26.64    3.172  -4.094  -2.203]

2023-02-10 01:21:07,918 - INFO - 
scores [1024.   429.2 1411.   348.2] - pixelwise [0.532  0.4543 0.7373 0.2913] - custom [  2.547 -21.28   -3.984  17.55 ]

2023-02-10 01:21:23,316 - INFO - 
scores [ 691. 1024. 1024. 2048.] - pixelwise [0.83   0.55   0.924  0.8506] - custom [-13.86    2.984 -16.38   -9.84 ]

2023-02-10 01:21:38,719 - INFO - 
scores [ 594. 2048.  610.  665.] - pixelwise [0.58   0.6875 0.8423 0.6006] - custom [ 10.8   -8.41 -35.2  -15.72]

2023-02-10 01:21:54,321 - INFO - 
scores [942.5 512.  313.8 512. ] - pixelwise [0.389  0.2798 0.4578 0.287 ] - custom [ 5.203 -0.25   8.22  14.59 ]

2023-02-10 01:22:09,698 - INFO - 
scores [512.  273.2 512.  512. ] - pixelwise [0.663  0.504  0.456  0.2089] - custom [0.3125 8.75   4.42   8.36  ]

2023-02-10 01:22:25,120 - INFO - 
scores [1112.   339.   273.8  512. ] - pixelwise [0.81   0.527  0.4087 0.284 ] - custom [ 1.   -6.22 12.95  3.25]

2023-02-10 01:22:40,654 - INFO - 
scores [512.  297.8 962.5 735.5] - pixelwise [0.3032 0.388  1.193  0.61  ] - custom [  4.594    5.938  -18.97    -0.2969]

2023-02-10 01:22:56,085 - INFO - 
scores [1024.  1024.   515.   265.8] - pixelwise [0.6074 0.3796 0.5273 0.1658] - custom [  5.17  -6.64 -16.62  17.83]

2023-02-10 01:23:11,478 - INFO - 
scores [ 353. 1024.  257. 1024.] - pixelwise [0.609  0.4414 0.378  0.3962] - custom [-3.906  4.406 15.125 -2.094]

2023-02-10 01:23:26,861 - INFO - 
scores [ 512.  512. 1336. 1024.] - pixelwise [0.4512 0.4697 0.712  0.6543] - custom [-48.34   -2.312   4.67    1.219]

2023-02-10 01:23:42,329 - INFO - 
scores [2048. 1024.  256. 1024.] - pixelwise [0.93   0.4011 0.517  0.5693] - custom [-7.094  -1.0625  6.094  -4.797 ]

2023-02-10 01:23:57,765 - INFO - 
scores [1024. 1024. 4096. 1049.] - pixelwise [0.6636 0.606  0.878  0.8584] - custom [  2.266   2.094  -0.828 -32.2  ]

2023-02-10 01:24:13,283 - INFO - 
scores [1024.   259.2 1024.  1024. ] - pixelwise [0.695  0.2646 0.581  0.592 ] - custom [ 0.2969 15.984  -2.453  -2.078 ]

2023-02-10 01:24:28,786 - INFO - 
scores [512.  565.5 801.5 512. ] - pixelwise [0.4216 0.803  0.9624 0.303 ] - custom [   9.375 -152.9     10.75     6.906]

2023-02-10 01:24:44,332 - INFO - 
scores [ 975. 1024. 1024.  512.] - pixelwise [0.4539 0.526  0.4539 0.621 ] - custom [-21.7    -0.703 -11.59   11.94 ]

2023-02-10 01:24:59,846 - INFO - 
scores [ 256.  512. 1024. 1036.] - pixelwise [0.2773 0.3093 0.6597 0.853 ] - custom [ 21.98    3.406   4.844 -34.06 ]

2023-02-10 01:25:15,286 - INFO - 
scores [ 522.5 1040.   345.2  256. ] - pixelwise [0.3176 0.821  0.502  0.3271] - custom [ 3.36   5.562 -2.844 14.59 ]

2023-02-10 01:25:30,762 - INFO - 
scores [ 375.5 1024.   997.  1965. ] - pixelwise [0.619  0.5317 0.4592 0.4834] - custom [ 9.125   0.7812  9.06   -1.375 ]

2023-02-10 01:25:46,226 - INFO - 
scores [ 525.5  186.8 1024.   512. ] - pixelwise [0.822  0.1708 0.864  0.1946] - custom [-24.88  12.53 -11.56   6.78]

2023-02-10 01:26:01,763 - INFO - 
scores [ 307.  256. 1797.  516.] - pixelwise [0.3726 0.249  0.503  0.3152] - custom [-0.625  -0.6875 -6.438  -0.25  ]

2023-02-10 01:26:17,185 - INFO - 
scores [648.5 512.  983.5 516. ] - pixelwise [0.582  0.3142 0.45   0.531 ] - custom [ -0.6562   2.047  -26.81   -16.62  ]

2023-02-10 01:26:32,655 - INFO - 
scores [1024.   483.5 1177.  2436. ] - pixelwise [0.7695 0.575  1.207  1.5205] - custom [ -29.1  -237.1   -37.97  -23.66]

2023-02-10 01:26:48,121 - INFO - 
scores [ 512. 1470. 1024.  529.] - pixelwise [0.3633 0.313  0.2377 0.6816] - custom [-2.5    2.969  6.125  6.625]

2023-02-10 01:27:03,579 - INFO - 
scores [1024.   259.   524.5 1334. ] - pixelwise [0.338  0.2272 0.2137 1.59  ] - custom [   4.78     4.47     1.156 -161.   ]

2023-02-10 01:27:19,014 - INFO - 
scores [ 512. 1057.  512. 1136.] - pixelwise [0.2944 0.8467 0.3142 0.9937] - custom [  7.703   2.766   7.047 -13.59 ]

2023-02-10 01:27:34,542 - INFO - 
scores [1479.   845.5 1154.  1024. ] - pixelwise [1.465  0.5273 0.725  0.1729] - custom [ -9.61   -2.625 -17.31    5.688]

2023-02-10 01:27:49,935 - INFO - 
scores [ 626.  872. 1024.  512.] - pixelwise [0.365  0.652  0.5444 0.526 ] - custom [ 9.05   6.938 -2.453  5.812]

2023-02-10 01:28:05,389 - INFO - 
scores [1024.  1024.   511.8  512. ] - pixelwise [0.3909 0.512  0.549  0.3154] - custom [  0.5625   0.8906 -10.375   -8.22  ]

2023-02-10 01:28:20,850 - INFO - 
scores [1024.   318.5  289.  1024. ] - pixelwise [0.1831 0.4915 0.5513 1.018 ] - custom [  4.17   -85.5     -0.5938  -6.297 ]

2023-02-10 01:28:36,309 - INFO - 
scores [ 556.5  519.   512.  1004. ] - pixelwise [0.54   0.5117 0.544  0.3938] - custom [-22.16   -1.031 -14.81  -13.3  ]

2023-02-10 01:28:51,790 - INFO - 
scores [ 512.   516.5 1024.   371.5] - pixelwise [0.2031 0.3762 0.4702 0.3628] - custom [  4.75    5.92   -4.453 -21.1  ]

2023-02-10 01:29:07,221 - INFO - 
scores [ 595. 1024. 1110. 1024.] - pixelwise [0.4124 0.4714 0.839  0.6367] - custom [   0.6094  -13.09   -153.6      -7.61  ]

2023-02-10 01:29:22,656 - INFO - 
scores [ 527.5 1027.   706.   512. ] - pixelwise [0.333  0.519  0.864  0.2285] - custom [ -10.03    8.47 -106.9    -8.28]

2023-02-10 01:29:38,081 - INFO - 
scores [1024.   327.5  849.   512. ] - pixelwise [0.3506 0.5645 0.554  0.3801] - custom [-0.2812  3.906  -3.703   1.    ]

2023-02-10 01:29:53,564 - INFO - 
scores [ 524.5  508.5 1024.   222.9] - pixelwise [0.502  0.2764 0.52   0.2622] - custom [  5.016 -15.625  -2.344  14.94 ]

2023-02-10 01:30:09,070 - INFO - 
scores [1024.  512. 1024. 1111.] - pixelwise [0.5596 0.282  0.722  0.922 ] - custom [-10.44  -10.56   -2.234 -25.58 ]

2023-02-10 01:30:24,482 - INFO - 
scores [ 256. 1024.  512.  512.] - pixelwise [0.3228 0.5747 0.6626 0.3284] - custom [-10.34  -17.14   -3.781  14.81 ]

2023-02-10 01:30:39,947 - INFO - 
scores [ 931.5  512.  1080.  1030. ] - pixelwise [0.58   0.3674 0.8374 0.744 ] - custom [  8.125   8.016 -18.83    2.328]

2023-02-10 01:30:55,422 - INFO - 
scores [ 512. 1024.  256. 1024.] - pixelwise [0.33   0.8774 0.503  0.451 ] - custom [ 7.78    5.297  -1.1875  0.1406]

2023-02-10 01:30:55,424 - INFO - ******* last iteration *******
scores: [ 512. 1024.  256. 1024.] 
scores pixelwise: [0.33   0.8774 0.503  0.451 ] 
custom scores: [ 7.78    5.297  -1.1875  0.1406]
2023-02-10 01:31:11,407 - INFO - 
scores [ 261.8 1025.   512.   512. ] - pixelwise [0.4216 0.715  0.7925 0.394 ] - custom [ 8.69    0.578   5.156  -0.4062]

2023-02-10 01:31:26,884 - INFO - 
scores [ 261.  1024.  1024.   699.5] - pixelwise [0.4717 0.427  0.2347 0.2485] - custom [ 3.75   3.016  3.812 15.01 ]

2023-02-10 01:31:42,308 - INFO - 
scores [ 256.   257.   512.5 1024. ] - pixelwise [0.1614 0.1833 0.503  0.5513] - custom [15.266 16.84  -3.188  1.047]

2023-02-10 01:31:58,016 - INFO - 
scores [1132.  999.  512. 2005.] - pixelwise [1.248  0.726  0.3274 1.489 ] - custom [ -6.78    1.906   5.83  -10.81 ]

2023-02-10 01:32:13,925 - INFO - 
scores [1144. 1086. 1024.  256.] - pixelwise [1.01   0.809  0.5728 0.2896] - custom [-18.19  -6.08   6.11  13.84]

2023-02-10 01:32:30,034 - INFO - 
scores [ 256.   527.  1024.   718.5] - pixelwise [0.3718 0.3308 0.5757 0.907 ] - custom [ -1.25   10.42    3.812 -11.125]

2023-02-10 01:32:46,155 - INFO - 
scores [1024. 1024. 1024. 1024.] - pixelwise [0.5776 0.4868 0.9463 0.3296] - custom [ 3.703  6.547 -9.984  9.086]

2023-02-10 01:33:02,361 - INFO - 
scores [1200.   133.   286.5  903. ] - pixelwise [1.032  0.1307 0.1644 0.6265] - custom [-23.52  28.38  17.94  12.26]

2023-02-10 01:33:18,490 - INFO - 
scores [ 256.  1024.   859.5  680. ] - pixelwise [0.2827 0.546  1.036  0.319 ] - custom [15.19   8.47  -2.984  1.797]

2023-02-10 01:33:34,666 - INFO - 
scores [2594.  1024.   337.2 1024. ] - pixelwise [0.794 0.603 0.444 0.257] - custom [ 1.867  3.453 -7.844  7.43 ]

2023-02-10 01:33:50,773 - INFO - 
scores [ 870.5 1024.  1148.   425. ] - pixelwise [0.97   0.4688 1.028  0.3025] - custom [-15.484 -23.06    7.453   8.45 ]

2023-02-10 01:34:06,649 - INFO - 
scores [1024.  512.  256.  256.] - pixelwise [0.818  0.3716 0.261  0.2257] - custom [ 3.219   0.7656 16.08   13.41  ]

2023-02-10 01:34:22,512 - INFO - 
scores [ 512. 2050.  772. 2048.] - pixelwise [0.464  1.008  0.679  0.6357] - custom [  6.83    -0.6875 -70.5      5.156 ]

2023-02-10 01:34:38,591 - INFO - 
scores [1024.   256.   512.   344.8] - pixelwise [0.407  0.2306 0.1608 0.715 ] - custom [ 1.5   21.56   3.312 -7.22 ]

2023-02-10 01:34:54,314 - INFO - 
scores [ 607. 1028. 1026.  512.] - pixelwise [0.3325 0.7036 0.5474 0.377 ] - custom [  9.81    5.406   7.477 -11.59 ]

2023-02-10 01:35:09,757 - INFO - 
scores [ 512.   634.5  725.  1024. ] - pixelwise [0.3252 0.779  0.444  0.8413] - custom [ 2.     1.328  5.766 -1.375]

2023-02-10 01:35:25,325 - INFO - 
scores [ 256.   512.   527.5 1257. ] - pixelwise [0.1032 0.7    0.3496 0.411 ] - custom [22.62   8.33   3.812 -0.75 ]

2023-02-10 01:35:41,456 - INFO - 
scores [2048. 1024. 1401.  169.] - pixelwise [0.4133 0.587  0.4207 0.1304] - custom [-1.0625  6.266   4.53   26.84  ]

2023-02-10 01:35:57,998 - INFO - 
scores [1189. 1024. 1028.  512.] - pixelwise [0.9194 0.6924 0.659  0.2512] - custom [-0.2344  5.14   -1.344  12.55  ]

2023-02-10 01:36:14,204 - INFO - 
scores [ 512.   520.5  512.  1222. ] - pixelwise [0.1091 0.6313 0.851  0.768 ] - custom [   8.7   -47.66 -394.      3.86]

2023-02-10 01:36:30,436 - INFO - 
scores [ 512.  1024.   374.8  512. ] - pixelwise [0.4429 0.6426 0.1953 0.2834] - custom [ 6.094   5.297  19.69    0.8125]

2023-02-10 01:36:46,697 - INFO - 
scores [ 512.   522.5  305.5 1024. ] - pixelwise [0.46   0.5986 0.1774 0.481 ] - custom [ 6.08    5.39   15.375   0.7812]

2023-02-10 01:37:02,938 - INFO - 
scores [2048. 1024.  512. 1065.] - pixelwise [0.922  0.493  0.2664 0.7617] - custom [-6.062 -3.797  2.438  4.312]

2023-02-10 01:37:19,298 - INFO - 
scores [ 512.   512.   287.5 1922. ] - pixelwise [0.2144 0.6978 0.209  0.4329] - custom [ 11.516 -43.03   22.17   -4.33 ]

2023-02-10 01:37:35,811 - INFO - 
scores [ 256. 1004.  533. 1024.] - pixelwise [0.361  0.78   0.3257 0.6143] - custom [ 10.875 -35.9     8.8    -8.39 ]

2023-02-10 01:37:52,630 - INFO - 
scores [ 512.   256.  1024.   901.5] - pixelwise [0.321  0.2905 0.4822 0.865 ] - custom [  4.92   18.64    1.984 -51.03 ]

2023-02-10 01:38:08,843 - INFO - 
scores [548.5 269.  733.5 518. ] - pixelwise [0.6475 0.345  0.4993 0.5146] - custom [-18.39    9.75    6.094   3.281]

2023-02-10 01:38:25,033 - INFO - 
scores [ 256.   525.5 1024.  1377. ] - pixelwise [0.254  0.5366 0.59   1.117 ] - custom [  6.344  -21.6      0.7188  -3.875 ]

2023-02-10 01:38:41,243 - INFO - 
scores [1024. 1024. 1024.  512.] - pixelwise [0.8105 1.092  0.602  0.6333] - custom [  5.5      0.4375   5.78   -26.75  ]

2023-02-10 01:38:57,464 - INFO - 
scores [1024.   338.2  256.   981. ] - pixelwise [0.5493 0.2386 0.2255 1.335 ] - custom [ 1.547 18.89  11.78  -6.11 ]

2023-02-10 01:39:13,669 - INFO - 
scores [ 512.  264.  256. 1024.] - pixelwise [0.4688 0.2786 0.2512 0.3848] - custom [ 2.203 15.5    6.75   5.484]

2023-02-10 01:39:30,081 - INFO - 
scores [1064.  512.  513.  512.] - pixelwise [0.935  0.4011 0.3887 0.295 ] - custom [ 6.85  9.61 -9.41 -9.44]

2023-02-10 01:39:47,667 - INFO - 
scores [ 587.  545. 1024.  628.] - pixelwise [0.715  0.4512 0.4783 1.282 ] - custom [ 3.312  2.219  5.11  -5.516]

2023-02-10 01:40:05,817 - INFO - 
scores [512.  519.5 987.  519. ] - pixelwise [0.583  0.3362 0.9067 0.2822] - custom [ 8.75   8.34  -7.22  -1.719]

2023-02-10 01:40:23,273 - INFO - 
scores [ 355.8 1024.   483.5  512. ] - pixelwise [0.366  0.483  0.462  0.2751] - custom [18.42   3.031 -2.75   4.5  ]

2023-02-10 01:40:40,711 - INFO - 
scores [ 274.5 1036.  2048.  1024. ] - pixelwise [0.576  1.296  0.7866 0.529 ] - custom [ 9.125 -3.266  1.281 -9.97 ]

2023-02-10 01:40:57,694 - INFO - 
scores [ 512. 1024.  256. 1024.] - pixelwise [0.4465 1.067  0.327  0.4553] - custom [ 9.97   -0.7812 15.234  -1.156 ]

2023-02-10 01:41:14,447 - INFO - 
scores [ 514.5  598.  2048.   256. ] - pixelwise [0.522  0.6763 0.8203 0.4124] - custom [  6.453  -27.56   -27.66    -0.3125]

2023-02-10 01:41:31,507 - INFO - 
scores [1024.   321.5  256.   506.8] - pixelwise [0.479 0.322 0.256 0.757] - custom [ 8.22   18.67   20.7     0.6562]

2023-02-10 01:41:48,323 - INFO - 
scores [1024.   187.4  512.  1024. ] - pixelwise [0.721  0.309  0.4282 0.5   ] - custom [-19.6    -7.125  12.83    1.594]

2023-02-10 01:41:48,324 - INFO - ******* last iteration *******
scores: [1024.   187.4  512.  1024. ] 
scores pixelwise: [0.721  0.309  0.4282 0.5   ] 
custom scores: [-19.6    -7.125  12.83    1.594]
2023-02-10 01:42:05,450 - INFO - 
scores [1463.  512.  512. 1024.] - pixelwise [0.7817 0.392  0.2646 0.3933] - custom [-20.56   8.34   9.5    8.63]

2023-02-10 01:42:22,342 - INFO - 
scores [ 544.  1111.  1024.   603.5] - pixelwise [0.2822 0.842  0.4429 0.4404] - custom [17.44   6.65   7.195 15.875]

2023-02-10 01:42:39,322 - INFO - 
scores [1024.  512.  512.  512.] - pixelwise [0.4473 0.258  0.631  0.2659] - custom [ 8.85   6.047  9.78  14.75 ]

2023-02-10 01:42:56,200 - INFO - 
scores [1024.  1024.   705.   670.5] - pixelwise [0.3928 0.3066 0.0922 0.2686] - custom [ 4.22  4.97 13.11 12.14]

2023-02-10 01:43:12,853 - INFO - 
scores [ 512. 1024.  512. 1043.] - pixelwise [0.3154 0.6885 0.296  0.8257] - custom [13.19   1.672 16.47   5.83 ]

2023-02-10 01:43:29,716 - INFO - 
scores [ 512. 1940. 2048.  512.] - pixelwise [0.2844 0.758  0.5957 0.1097] - custom [15.8    6.86   3.312 12.19 ]

2023-02-10 01:43:46,408 - INFO - 
scores [ 512. 1024. 1024.  512.] - pixelwise [0.3215  0.2805  0.632   0.00876] - custom [14.19    4.5     0.2188 12.89  ]

2023-02-10 01:44:02,666 - INFO - 
scores [ 623.  512. 2048.  525.] - pixelwise [0.863  0.3083 0.8564 0.6357] - custom [-6.5   14.2    2.305 13.11 ]

2023-02-10 01:44:18,897 - INFO - 
scores [ 512.  1032.   664.5 1024. ] - pixelwise [0.1884 0.75   0.3213 0.4314] - custom [15.94   4.812  9.59   6.6  ]

2023-02-10 01:44:35,148 - INFO - 
scores [1024.   539.5  512.  1024. ] - pixelwise [0.3184  0.33    0.06384 0.979  ] - custom [ 6.156 13.42  11.36   1.375]

2023-02-10 01:44:51,373 - INFO - 
scores [1024.  564.  512. 2048.] - pixelwise [0.921  0.3848 0.3232 0.895 ] - custom [ 3.875  9.03  10.33   3.89 ]

2023-02-10 01:45:07,611 - INFO - 
scores [1024.  256. 1140. 1024.] - pixelwise [0.343    0.001699 0.898    0.6113  ] - custom [ 4.89  26.95   3.86   1.391]

2023-02-10 01:45:23,857 - INFO - 
scores [ 290.2 1047.   512.  1024. ] - pixelwise [0.1106 0.3564 0.4224 0.5215] - custom [26.44   2.188 15.25  10.55 ]

2023-02-10 01:45:40,075 - INFO - 
scores [ 644.  1026.   776.5 1322. ] - pixelwise [0.7534 0.815  0.2654 0.7944] - custom [ 6.97   6.93  11.17  -7.484]

2023-02-10 01:45:56,300 - INFO - 
scores [ 512.  692.  512. 1612.] - pixelwise [0.0762 0.3196 0.3875 0.553 ] - custom [17.28  -8.69  12.125  3.   ]

2023-02-10 01:46:12,546 - INFO - 
scores [1024. 1024. 2048. 1024.] - pixelwise [0.326  0.4434 0.9775 0.423 ] - custom [ 9.914  4.33  -7.844  6.85 ]

2023-02-10 01:46:28,740 - INFO - 
scores [1024. 1027.  553. 1297.] - pixelwise [0.6196 0.839  0.4304 0.271 ] - custom [ 8.04   1.766 15.72   3.203]

2023-02-10 01:46:45,085 - INFO - 
scores [ 513.  516.  512. 1334.] - pixelwise [0.5083 0.2181 0.1986 1.266 ] - custom [ 4.22  17.06  14.22   3.867]

2023-02-10 01:47:01,949 - INFO - 
scores [2048.  528. 2048. 1024.] - pixelwise [1.117  0.183  0.9243 0.5576] - custom [-3.469 17.16   4.094  9.19 ]

2023-02-10 01:47:18,805 - INFO - 
scores [1024.  334. 2048. 1024.] - pixelwise [0.6157 0.353  0.8364 0.3257] - custom [ 3.234 20.58   2.773  9.18 ]

2023-02-10 01:47:35,604 - INFO - 
scores [512.  512.  512.  271.5] - pixelwise [0.265  0.261  0.3694 0.4087] - custom [15.08 14.05 15.19 18.6 ]

2023-02-10 01:47:52,554 - INFO - 
scores [1024.  1024.   738.   258.5] - pixelwise [1.035  0.3572 0.528  0.3748] - custom [ 4.36   3.36   5.125 19.73 ]

2023-02-10 01:48:09,535 - INFO - 
scores [ 256. 1024.  350.  514.] - pixelwise [0.1941 0.1888 0.1295 0.5234] - custom [19.53   0.922 21.72   5.64 ]

2023-02-10 01:48:26,456 - INFO - 
scores [ 996.5  512.   512.  1024. ] - pixelwise [0.391  0.2854 0.0865 0.6587] - custom [13.31  14.05  15.96   7.156]

2023-02-10 01:48:43,383 - INFO - 
scores [1024. 1252.  913. 1024.] - pixelwise [0.488 1.356 0.195 0.423] - custom [ 7.016 -6.453  9.34   9.82 ]

2023-02-10 01:49:00,230 - INFO - 
scores [2048.  1024.   536.   547.5] - pixelwise [0.7104 0.462  0.3147 0.2693] - custom [ 0.6016  1.578   9.266  13.42  ]

2023-02-10 01:49:17,058 - INFO - 
scores [ 256.  512. 1024.  256.] - pixelwise [0.1635 0.3662 0.6465 0.1561] - custom [18.34 10.97  9.51 27.22]

2023-02-10 01:49:33,865 - INFO - 
scores [1024. 1024.  512.  512.] - pixelwise [0.4968 0.564  0.2122 0.295 ] - custom [ 8.57  -6.453 13.45  16.55 ]

2023-02-10 01:49:50,637 - INFO - 
scores [ 780.5 1024.  1175.   543.5] - pixelwise [0.2318 0.68   0.7456 0.709 ] - custom [ 7.39  10.586  4.312  1.328]

2023-02-10 01:50:07,308 - INFO - 
scores [1015. 1024. 1048.  512.] - pixelwise [0.421   0.4377  0.84    0.09064] - custom [13.4    2.422  7.992 13.03 ]

2023-02-10 01:50:24,146 - INFO - 
scores [2048.   312.2  512.  1024. ] - pixelwise [0.64   0.2966 0.2314 0.2827] - custom [ 4.75 10.3  10.72  9.09]

2023-02-10 01:50:40,690 - INFO - 
scores [ 512.5 2048.  1024.   405.8] - pixelwise [0.5034  0.3389  0.2211  0.03818] - custom [ 14.05 -20.31   5.78  22.86]

slurmstepd: error: *** JOB 13630757 ON d13-08 CANCELLED AT 2023-02-10T01:50:46 ***
