2023-02-09 13:44:44,361 - INFO - Note: NumExpr detected 20 cores but "NUMEXPR_MAX_THREADS" not set, so enforcing safe limit of 8.
2023-02-09 13:44:44,361 - INFO - NumExpr defaulting to 8 threads.
2023-02-09 13:44:47,289 - INFO - []
2023-02-09 13:44:47,332 - INFO - 
++++++++++++++++++

2023-02-09 13:44:47,332 - INFO - INPUT
2023-02-09 13:44:47,332 - INFO - 
++++++++++++++++++

2023-02-09 13:44:47,332 - INFO - options 
 {'genome_fasta': None, 'plot_lim_min': 0.1, 'plot_freq': 100, 'plot_map': False, 'out_dir': './', 'processes': None, 'rc': False, 'shifts': '0', 'scd_stats': 'SCD,MSS,MPS,CS', 'targets_file': None, 'batch_size': 4, 'head_index': 1, 'model_index': 0}
2023-02-09 13:44:47,332 - INFO - 
++++++++++++++++++

2023-02-09 13:44:47,332 - INFO - args 
 ['data/shuffled_seqs_scores_model7_head0/options.pkl', '/project/fudenber_735/tensorflow_models/akita/v2/models/f7c0/train/params.json', '/project/fudenber_735/tensorflow_models/akita/v2/models/f7c0/train/model0_best.h5', '/scratch1/kamulege/shuffled_seqs_copy.fa', '0']
2023-02-09 13:44:47,332 - INFO - 
++++++++++++++++++

2023-02-09 13:44:47.451541: I tensorflow/core/platform/cpu_feature_guard.cc:142] This TensorFlow binary is optimized with oneAPI Deep Neural Network Library (oneDNN) to use the following CPU instructions in performance-critical operations:  SSE4.1 SSE4.2 AVX AVX2 FMA
To enable them in other operations, rebuild TensorFlow with the appropriate compiler flags.
2023-02-09 13:44:50,834 - INFO - initialised stats SCD
2023-02-09 13:44:50,835 - INFO - initialised stats MPS
2023-02-09 13:44:50,836 - INFO - initialised stats CS
2023-02-09 13:44:50,836 - INFO - initialized
2023-02-09 13:44:54.149478: I tensorflow/compiler/mlir/mlir_graph_optimization_pass.cc:116] None of the MLIR optimization passes are enabled (registered 2)
2023-02-09 13:44:54.157163: I tensorflow/core/platform/profile_utils/cpu_utils.cc:112] CPU Frequency: 2394370000 Hz
2023-02-09 13:45:23,874 - INFO - writting SNP predictions for experiment 0
2023-02-09 13:45:23,898 - INFO - plotting 0
2023-02-09 13:46:04,317 - INFO - writting SNP predictions for experiment 1
2023-02-09 13:46:04,341 - INFO - writting SNP predictions for experiment 2
2023-02-09 13:46:04,364 - INFO - writting SNP predictions for experiment 3
2023-02-09 13:46:04,386 - INFO - writting SNP predictions for experiment 4
