2023-02-03 15:04:48,923 - INFO - Note: NumExpr detected 32 cores but "NUMEXPR_MAX_THREADS" not set, so enforcing safe limit of 8.
2023-02-03 15:04:48,923 - INFO - NumExpr defaulting to 8 threads.
2023-02-03 15:04:52,426 - INFO - []
2023-02-03 15:04:52,513 - INFO - Batch size 4
2023-02-03 15:04:52.582890: I tensorflow/core/platform/cpu_feature_guard.cc:142] This TensorFlow binary is optimized with oneAPI Deep Neural Network Library (oneDNN) to use the following CPU instructions in performance-critical operations:  SSE4.1 SSE4.2 AVX AVX2 AVX512F FMA
To enable them in other operations, rebuild TensorFlow with the appropriate compiler flags.
2023-02-03 15:04:55,238 - INFO - ===================================
2023-02-03 15:04:55,239 - INFO - Number of experiements = 20 
 It's not number of predictions. Num of predictions is upper bounded by 30 x 4 for each experiment
2023-02-03 15:04:55,239 - INFO - ===================================
2023-02-03 15:04:56.199788: I tensorflow/compiler/mlir/mlir_graph_optimization_pass.cc:116] None of the MLIR optimization passes are enabled (registered 2)
2023-02-03 15:04:56.200259: I tensorflow/core/platform/profile_utils/cpu_utils.cc:112] CPU Frequency: 2100000000 Hz
2023-02-03 15:07:26,521 - INFO - success: best seq, map score 64.0625, pixelwise 0.032073974609375, custom 50.9375
2023-02-03 15:18:12,888 - INFO - ******* last iteration *******
scores: [256. 256. 256. 256.] 
scores pixelwise: [0.1621 0.1361 0.1166 0.0922] 
custom scores: [12.94   8.69  16.45  11.125]
2023-02-03 15:29:33,236 - INFO - ******* last iteration *******
scores: [512.  128.  256.  161.1] 
scores pixelwise: [0.3276  0.06714 0.1486  0.0951 ] 
custom scores: [ 7.156 32.8    7.78  34.06 ]
2023-02-03 15:41:03,990 - INFO - ******* last iteration *******
scores: [256.  510.2 512.  130.9] 
scores pixelwise: [0.1965  0.413   0.2092  0.07605] 
custom scores: [19.06 14.86 -2.75 33.  ]
2023-02-03 15:52:24,544 - INFO - ******* last iteration *******
scores: [512.  399.  256.  281.2] 
scores pixelwise: [0.3748 0.3032 0.2166 0.4514] 
custom scores: [  1.656   4.03  -10.44  -33.   ]
2023-02-03 16:04:09,667 - INFO - ******* last iteration *******
scores: [1024.  256.  222.  256.] 
scores pixelwise: [0.9653  0.0661  0.1492  0.05093] 
custom scores: [-125.25   22.9    28.3    20.75]
2023-02-03 16:14:46,812 - INFO - ******* last iteration *******
scores: [287.5 518.5 261.2 152. ] 
scores pixelwise: [0.4236  0.2274  0.08905 0.07336] 
custom scores: [19.38  10.78  12.75   5.812]
2023-02-03 16:26:11,581 - INFO - ******* last iteration *******
scores: [ 256.  256.  256. 1024.] 
scores pixelwise: [0.1416 0.1265 0.0748 0.2482] 
custom scores: [ 4.812 21.72  20.55   7.062]
2023-02-03 16:37:34,037 - INFO - ******* last iteration *******
scores: [456.2 256.  512.  298.2] 
scores pixelwise: [0.1355 0.1043 0.1431 0.1   ] 
custom scores: [26.23  12.875  2.125  3.812]
2023-02-03 16:49:00,373 - INFO - ******* last iteration *******
scores: [256. 512. 256. 512.] 
scores pixelwise: [0.39    0.2297  0.1733  0.12146] 
custom scores: [20.58 15.69 20.75  4.97]
2023-02-03 17:00:28,287 - INFO - ******* last iteration *******
scores: [ 256.  512.  512. 1024.] 
scores pixelwise: [0.1858 0.3052 0.1405 0.27  ] 
custom scores: [-1.515e+02  9.250e+00  4.875e+00  3.125e-02]
2023-02-03 17:11:59,682 - INFO - ******* last iteration *******
scores: [512. 256. 512. 512.] 
scores pixelwise: [0.0249  0.12067 0.05975 0.06012] 
custom scores: [21.53 18.78 16.84 21.22]
2023-02-03 17:23:26,923 - INFO - ******* last iteration *******
scores: [256. 512. 512. 256.] 
scores pixelwise: [0.07874 0.1829  0.1853  0.2299 ] 
custom scores: [18.86  15.625 12.875 16.94 ]
2023-02-03 17:34:52,094 - INFO - ******* last iteration *******
scores: [ 512.   548.5 1024.   539. ] 
scores pixelwise: [0.1595  0.01733 0.409   0.0907 ] 
custom scores: [19.47 20.78 12.   20.75]
2023-02-03 17:46:24,606 - INFO - ******* last iteration *******
scores: [ 920.5  512.   512.  1024. ] 
scores pixelwise: [ 0.02274 -0.01926  0.02174  0.2335 ] 
custom scores: [11.664 19.22  17.22  11.13 ]
2023-02-03 17:58:13,853 - INFO - ******* last iteration *******
scores: [512. 512. 512. 630.] 
scores pixelwise: [ 0.01009  0.0051  -0.00687 -0.0631 ] 
custom scores: [18.5  17.28 18.8  19.3 ]
2023-02-03 18:10:02,707 - INFO - ******* last iteration *******
scores: [1024.   515.5  512.   526. ] 
scores pixelwise: [ 0.05383  0.2035  -0.01657  0.216  ] 
custom scores: [11.95 18.84 19.   20.1 ]
2023-02-03 18:22:04,437 - INFO - ******* last iteration *******
scores: [512. 512. 512. 512.] 
scores pixelwise: [0.05603 0.0813  0.08105 0.262  ] 
custom scores: [13.28  14.734 14.53  15.8  ]
2023-02-03 18:34:51,821 - INFO - ******* last iteration *******
scores: [512. 512. 512. 512.] 
scores pixelwise: [0.2122  0.0851  0.02847 0.1254 ] 
custom scores: [17.42  15.516 15.42  11.42 ]
2023-02-03 18:48:14,813 - INFO - ******* last iteration *******
scores: [ 826.5  515.  1025.  1024. ] 
scores pixelwise: [0.00742 0.04385 0.05975 0.09283] 
custom scores: [16.28  17.58  10.125 11.2  ]
2023-02-03 18:48:15,667 - INFO - finished saving! 
 plotting next if requested
2023-02-03 18:48:55,171 - INFO - finished plotting! 
check data/flat_seqs_model4 for plots
