2023-02-06 11:11:23,430 - INFO - Note: NumExpr detected 32 cores but "NUMEXPR_MAX_THREADS" not set, so enforcing safe limit of 8.
2023-02-06 11:11:23,430 - INFO - NumExpr defaulting to 8 threads.
2023-02-06 11:11:26,323 - INFO - []
2023-02-06 11:11:26,365 - INFO - 
++++++++++++++++++

2023-02-06 11:11:26,365 - INFO - INPUT
2023-02-06 11:11:26,365 - INFO - 
++++++++++++++++++

2023-02-06 11:11:26,365 - INFO - options 
 {'genome_fasta': None, 'plot_lim_min': 0.1, 'plot_freq': 100, 'plot_map': False, 'out_dir': './', 'processes': None, 'rc': False, 'shifts': '0', 'scd_stats': 'SCD,MSS,MPS,CS', 'targets_file': None, 'batch_size': 4, 'head_index': 1, 'model_index': 0}
2023-02-06 11:11:26,365 - INFO - 
++++++++++++++++++

2023-02-06 11:11:26,365 - INFO - args 
 ['data/shuffled_seqs_scores_model3/options.pkl', '/project/fudenber_735/tensorflow_models/akita/v2/models/f3c0/train/params.json', '/project/fudenber_735/tensorflow_models/akita/v2/models/f3c0/train/model1_best.h5', '/scratch1/kamulege/shuffled_seqs_copy.fa', '0']
2023-02-06 11:11:26,365 - INFO - 
++++++++++++++++++

2023-02-06 11:11:26.457600: I tensorflow/core/platform/cpu_feature_guard.cc:142] This TensorFlow binary is optimized with oneAPI Deep Neural Network Library (oneDNN) to use the following CPU instructions in performance-critical operations:  SSE4.1 SSE4.2 AVX AVX2 AVX512F FMA
To enable them in other operations, rebuild TensorFlow with the appropriate compiler flags.
2023-02-06 11:11:28,322 - INFO - initialised stats SCD
2023-02-06 11:11:28,323 - INFO - initialised stats MPS
2023-02-06 11:11:28,324 - INFO - initialised stats CS
2023-02-06 11:11:28,324 - INFO - initialized
2023-02-06 11:11:30.978781: I tensorflow/compiler/mlir/mlir_graph_optimization_pass.cc:116] None of the MLIR optimization passes are enabled (registered 2)
2023-02-06 11:11:30.985412: I tensorflow/core/platform/profile_utils/cpu_utils.cc:112] CPU Frequency: 2100000000 Hz
2023-02-06 11:11:55,262 - INFO - writting SNP predictions for experiment 0
2023-02-06 11:11:55,297 - INFO - plotting 0
2023-02-06 11:12:31,312 - INFO - writting SNP predictions for experiment 1
2023-02-06 11:12:31,334 - INFO - writting SNP predictions for experiment 2
2023-02-06 11:12:31,355 - INFO - writting SNP predictions for experiment 3
2023-02-06 11:12:31,376 - INFO - writting SNP predictions for experiment 4
