2023-02-03 15:18:31,738 - INFO - Note: NumExpr detected 20 cores but "NUMEXPR_MAX_THREADS" not set, so enforcing safe limit of 8.
2023-02-03 15:18:31,738 - INFO - NumExpr defaulting to 8 threads.
2023-02-03 15:18:35,129 - INFO - []
2023-02-03 15:18:35,201 - INFO - Batch size 4
2023-02-03 15:18:35.289337: I tensorflow/core/platform/cpu_feature_guard.cc:142] This TensorFlow binary is optimized with oneAPI Deep Neural Network Library (oneDNN) to use the following CPU instructions in performance-critical operations:  SSE4.1 SSE4.2 AVX AVX2 FMA
To enable them in other operations, rebuild TensorFlow with the appropriate compiler flags.
2023-02-03 15:18:37,680 - INFO - ===================================
2023-02-03 15:18:37,680 - INFO - Number of experiements = 20 
 It's not number of predictions. Num of predictions is upper bounded by 30 x 4 for each experiment
2023-02-03 15:18:37,680 - INFO - ===================================
2023-02-03 15:18:38.918664: I tensorflow/compiler/mlir/mlir_graph_optimization_pass.cc:116] None of the MLIR optimization passes are enabled (registered 2)
2023-02-03 15:18:38.919573: I tensorflow/core/platform/profile_utils/cpu_utils.cc:112] CPU Frequency: 2394640000 Hz
2023-02-03 15:22:42,430 - INFO - success: best seq, map score 66.375, pixelwise 0.0148773193359375, custom 53.53125
2023-02-03 15:34:50,884 - INFO - ******* last iteration *******
scores: [127.5 128.  256.  128. ] 
scores pixelwise: [0.014885 0.08136  0.10223  0.12317 ] 
custom scores: [37.66 26.25 22.39 22.9 ]
2023-02-03 15:35:40,024 - INFO - success: best seq, map score 64.0, pixelwise 0.009796142578125, custom 50.6875
2023-02-03 15:45:45,900 - INFO - success: best seq, map score 64.0, pixelwise 0.0153656005859375, custom 51.5
2023-02-03 15:57:49,959 - INFO - ******* last iteration *******
scores: [128.  121.2 256.  512. ] 
scores pixelwise: [0.02563 0.0718  0.2666  0.3494 ] 
custom scores: [28.16  34.72  16.42  -2.844]
2023-02-03 16:09:53,732 - INFO - ******* last iteration *******
scores: [512.  299.  256.  279.2] 
scores pixelwise: [0.4397 0.6406 0.1965 0.591 ] 
custom scores: [  8.766 -26.56   13.59    6.22 ]
2023-02-03 16:21:59,935 - INFO - ******* last iteration *******
scores: [256.  176.5 256.  128. ] 
scores pixelwise: [0.225  0.7773 0.4648 0.1053] 
custom scores: [  5.78 -29.97  12.34  28.06]
2023-02-03 16:34:04,362 - INFO - ******* last iteration *******
scores: [256.  256.  151.1 256. ] 
scores pixelwise: [0.1815  0.3162  0.2512  0.09576] 
custom scores: [18.3  11.53 19.47 13.5 ]
2023-02-03 16:46:06,781 - INFO - ******* last iteration *******
scores: [512.  276.5 256.  128. ] 
scores pixelwise: [0.1672  0.365   0.2408  0.08575] 
custom scores: [ 6.875  6.562  7.406 20.19 ]
2023-02-03 16:58:11,872 - INFO - ******* last iteration *******
scores: [512. 274. 256. 256.] 
scores pixelwise: [0.2186 0.3638 0.1815 0.3174] 
custom scores: [4.016 9.66  8.44  4.688]
2023-02-03 17:10:18,457 - INFO - ******* last iteration *******
scores: [256.  512.  128.  401.8] 
scores pixelwise: [0.1838  0.2202  0.07574 0.1277 ] 
custom scores: [12.22   6.703 27.06  -2.969]
2023-02-03 17:22:24,926 - INFO - ******* last iteration *******
scores: [154.9 130.6 256.  512. ] 
scores pixelwise: [0.0937  0.10876 0.2114  0.1578 ] 
custom scores: [22.03 12.75  8.44  5.17]
2023-02-03 17:34:32,301 - INFO - ******* last iteration *******
scores: [256.  527.5 155.6 256. ] 
scores pixelwise: [0.1279 0.764  0.0841 0.143 ] 
custom scores: [13.81    0.6094 24.31   16.44  ]
2023-02-03 17:46:40,297 - INFO - ******* last iteration *******
scores: [520.5 139.8 256.  335.2] 
scores pixelwise: [0.4521 0.1044 0.146  0.2715] 
custom scores: [ -2.    19.25 -21.31  11.34]
2023-02-03 17:58:49,516 - INFO - ******* last iteration *******
scores: [128.  256.  130.2 256. ] 
scores pixelwise: [0.1217 0.1598 0.1716 0.1848] 
custom scores: [ 9.03   5.594 10.81   4.438]
2023-02-03 18:10:54,844 - INFO - ******* last iteration *******
scores: [256.  256.  256.  510.5] 
scores pixelwise: [0.1849 0.1514 0.2335 0.2969] 
custom scores: [-4.062  -0.3125  3.031   3.14  ]
2023-02-03 18:23:02,059 - INFO - ******* last iteration *******
scores: [128.  512.  256.  260.8] 
scores pixelwise: [0.1162  0.665   0.3262  0.09125] 
custom scores: [ 19.12  -7.5  -18.75  19.16]
2023-02-03 18:35:11,098 - INFO - ******* last iteration *******
scores: [512.  256.  258.5 405.8] 
scores pixelwise: [0.4783  0.1368  0.10266 1.047  ] 
custom scores: [-16.78   9.66  17.42 -17.72]
2023-02-03 18:47:18,888 - INFO - ******* last iteration *******
scores: [256.  143.4 225.2 512. ] 
scores pixelwise: [0.107  0.2888 0.2175 0.5015] 
custom scores: [ -40.2    11.94   18.56 -252.8 ]
2023-02-03 18:59:29,605 - INFO - ******* last iteration *******
scores: [512.  408.2 135.8 256. ] 
scores pixelwise: [0.1753 0.3047 0.1333 0.1499] 
custom scores: [ -8.59 -14.78  18.69  -4.  ]
2023-02-03 18:59:32,446 - INFO - finished saving! 
 plotting next if requested
2023-02-03 19:02:01,982 - INFO - finished plotting! 
check data/flat_seqs_model2 for plots
