2023-02-10 12:20:56,463 - INFO - Note: NumExpr detected 32 cores but "NUMEXPR_MAX_THREADS" not set, so enforcing safe limit of 8.
2023-02-10 12:20:56,463 - INFO - NumExpr defaulting to 8 threads.
2023-02-10 12:20:59,700 - INFO - []
2023-02-10 12:20:59,837 - INFO - Batch size 4
2023-02-10 12:20:59.914279: I tensorflow/core/platform/cpu_feature_guard.cc:142] This TensorFlow binary is optimized with oneAPI Deep Neural Network Library (oneDNN) to use the following CPU instructions in performance-critical operations:  SSE4.1 SSE4.2 AVX AVX2 AVX512F FMA
To enable them in other operations, rebuild TensorFlow with the appropriate compiler flags.
2023-02-10 12:21:02,316 - INFO - ===================================
2023-02-10 12:21:02,316 - INFO - Number of experiements = 20 
 It's not number of predictions. Num of predictions is upper bounded by 40 x 4 for each experiment
2023-02-10 12:21:02,316 - INFO - ===================================
2023-02-10 12:21:03.359381: I tensorflow/compiler/mlir/mlir_graph_optimization_pass.cc:116] None of the MLIR optimization passes are enabled (registered 2)
2023-02-10 12:21:03.359848: I tensorflow/core/platform/profile_utils/cpu_utils.cc:112] CPU Frequency: 2100000000 Hz
2023-02-10 12:21:21,599 - INFO - 
SCD_scores [57.47 64.   48.   64.  ] - pixelwise [0.1436 0.3167 0.335  0.2788] - custom [8.414 6.906 3.5   7.39 ]

2023-02-10 12:21:21,600 - INFO - condition for 0 >>>>> False
2023-02-10 12:21:21,600 - INFO - condition for 1 >>>>> False
2023-02-10 12:21:21,600 - INFO - condition for 2 >>>>> False
2023-02-10 12:21:21,600 - INFO - condition for 3 >>>>> False
2023-02-10 12:21:38,734 - INFO - 
SCD_scores [46.5 64.  70.  64. ] - pixelwise [0.2737 0.3638 0.4946 0.1495] - custom [ 9.81   2.281 -9.05   8.18 ]

2023-02-10 12:21:38,734 - INFO - condition for 0 >>>>> False
2023-02-10 12:21:38,734 - INFO - condition for 1 >>>>> False
2023-02-10 12:21:38,734 - INFO - condition for 2 >>>>> False
2023-02-10 12:21:38,734 - INFO - condition for 3 >>>>> False
2023-02-10 12:21:56,000 - INFO - 
SCD_scores [45.25 64.   64.   64.  ] - pixelwise [0.1633 0.1594 0.2052 0.3281] - custom [10.66   7.344  8.08   8.164]

2023-02-10 12:21:56,000 - INFO - condition for 0 >>>>> False
2023-02-10 12:21:56,000 - INFO - condition for 1 >>>>> False
2023-02-10 12:21:56,000 - INFO - condition for 2 >>>>> False
2023-02-10 12:21:56,000 - INFO - condition for 3 >>>>> False
2023-02-10 12:22:14,246 - INFO - 
SCD_scores [64.   45.25 64.   64.5 ] - pixelwise [0.1343 0.2808 0.2554 0.4963] - custom [ 8.38  11.3    8.16   7.727]

2023-02-10 12:22:14,247 - INFO - condition for 0 >>>>> False
2023-02-10 12:22:14,247 - INFO - condition for 1 >>>>> False
2023-02-10 12:22:14,247 - INFO - condition for 2 >>>>> False
2023-02-10 12:22:14,247 - INFO - condition for 3 >>>>> False
2023-02-10 12:22:32,167 - INFO - 
SCD_scores [64.   64.   45.25 64.  ] - pixelwise [0.2072 0.242  0.2391 0.2598] - custom [ 7.97   7.758 11.2    7.25 ]

2023-02-10 12:22:32,167 - INFO - condition for 0 >>>>> False
2023-02-10 12:22:32,167 - INFO - condition for 1 >>>>> False
2023-02-10 12:22:32,168 - INFO - condition for 2 >>>>> False
2023-02-10 12:22:32,168 - INFO - condition for 3 >>>>> False
2023-02-10 12:22:49,836 - INFO - 
SCD_scores [45.25 64.   64.   64.  ] - pixelwise [0.2108 0.2474 0.2803 0.1991] - custom [10.25  8.18  7.83  8.21]

2023-02-10 12:22:49,836 - INFO - condition for 0 >>>>> False
2023-02-10 12:22:49,836 - INFO - condition for 1 >>>>> False
2023-02-10 12:22:49,836 - INFO - condition for 2 >>>>> False
2023-02-10 12:22:49,836 - INFO - condition for 3 >>>>> False
2023-02-10 12:23:07,932 - INFO - 
SCD_scores [46.03 47.2  64.   64.  ] - pixelwise [0.07776 0.2333  0.1991  0.1159 ] - custom [ 9.53 10.88  7.21  8.36]

2023-02-10 12:23:07,932 - INFO - condition for 0 >>>>> False
2023-02-10 12:23:07,932 - INFO - condition for 1 >>>>> False
2023-02-10 12:23:07,932 - INFO - condition for 2 >>>>> False
2023-02-10 12:23:07,932 - INFO - condition for 3 >>>>> False
2023-02-10 12:23:25,664 - INFO - 
SCD_scores [64.   54.94 64.   64.  ] - pixelwise [0.525  0.1427 0.392  0.208 ] - custom [ 3.484 11.16   5.42   8.016]

2023-02-10 12:23:25,665 - INFO - condition for 0 >>>>> False
2023-02-10 12:23:25,665 - INFO - condition for 1 >>>>> False
2023-02-10 12:23:25,665 - INFO - condition for 2 >>>>> False
2023-02-10 12:23:25,665 - INFO - condition for 3 >>>>> False
2023-02-10 12:23:43,429 - INFO - 
SCD_scores [64.  64.  64.  32.1] - pixelwise [0.2837 0.1473 0.368  0.1678] - custom [ 8.15   8.23  -5.594 14.4  ]

2023-02-10 12:23:43,430 - INFO - condition for 0 >>>>> False
2023-02-10 12:23:43,430 - INFO - condition for 1 >>>>> False
2023-02-10 12:23:43,430 - INFO - condition for 2 >>>>> False
2023-02-10 12:23:43,430 - INFO - condition for 3 >>>>> False
2023-02-10 12:24:01,097 - INFO - 
SCD_scores [64.   64.   45.25 64.  ] - pixelwise [0.6377 0.139  0.2477 0.2612] - custom [ 8.04  9.67 10.15  7.91]

2023-02-10 12:24:01,097 - INFO - condition for 0 >>>>> False
2023-02-10 12:24:01,097 - INFO - condition for 1 >>>>> False
2023-02-10 12:24:01,097 - INFO - condition for 2 >>>>> False
2023-02-10 12:24:01,097 - INFO - condition for 3 >>>>> False
2023-02-10 12:24:18,348 - INFO - 
SCD_scores [64.   64.   65.44 64.  ] - pixelwise [0.2842 0.4563 0.2786 0.3347] - custom [8.125 8.24  7.445 7.875]

2023-02-10 12:24:18,349 - INFO - condition for 0 >>>>> False
2023-02-10 12:24:18,349 - INFO - condition for 1 >>>>> False
2023-02-10 12:24:18,349 - INFO - condition for 2 >>>>> False
2023-02-10 12:24:18,349 - INFO - condition for 3 >>>>> False
2023-02-10 12:24:36,185 - INFO - 
SCD_scores [45.75 64.   45.4  64.  ] - pixelwise [0.1802 0.2554 0.2986 0.2622] - custom [ 8.016  7.78  11.33   8.47 ]

2023-02-10 12:24:36,185 - INFO - condition for 0 >>>>> False
2023-02-10 12:24:36,186 - INFO - condition for 1 >>>>> False
2023-02-10 12:24:36,186 - INFO - condition for 2 >>>>> False
2023-02-10 12:24:36,186 - INFO - condition for 3 >>>>> False
2023-02-10 12:24:53,734 - INFO - 
SCD_scores [45.25 64.   45.25 64.  ] - pixelwise [0.1605 0.2448 0.247  0.26  ] - custom [10.91   6.406 11.266  8.44 ]

2023-02-10 12:24:53,735 - INFO - condition for 0 >>>>> False
2023-02-10 12:24:53,735 - INFO - condition for 1 >>>>> False
2023-02-10 12:24:53,735 - INFO - condition for 2 >>>>> False
2023-02-10 12:24:53,735 - INFO - condition for 3 >>>>> False
2023-02-10 12:25:11,062 - INFO - 
SCD_scores [64. 64. 64. 64.] - pixelwise [0.3584 0.1603 0.3303 0.5366] - custom [ 6.79 10.97  8.19  7.58]

2023-02-10 12:25:11,062 - INFO - condition for 0 >>>>> False
2023-02-10 12:25:11,062 - INFO - condition for 1 >>>>> False
2023-02-10 12:25:11,062 - INFO - condition for 2 >>>>> False
2023-02-10 12:25:11,062 - INFO - condition for 3 >>>>> False
2023-02-10 12:25:28,873 - INFO - 
SCD_scores [45.3 64.  64.  64. ] - pixelwise [0.3518 0.2766 0.4626 0.3025] - custom [11.11   4.438  5.367  7.547]

2023-02-10 12:25:28,874 - INFO - condition for 0 >>>>> False
2023-02-10 12:25:28,874 - INFO - condition for 1 >>>>> False
2023-02-10 12:25:28,874 - INFO - condition for 2 >>>>> False
2023-02-10 12:25:28,874 - INFO - condition for 3 >>>>> False
2023-02-10 12:25:46,814 - INFO - 
SCD_scores [45.75 64.   64.   45.25] - pixelwise [0.158  0.1919 0.291  0.1609] - custom [10.83   7.58   8.08  10.836]

2023-02-10 12:25:46,815 - INFO - condition for 0 >>>>> False
2023-02-10 12:25:46,815 - INFO - condition for 1 >>>>> False
2023-02-10 12:25:46,815 - INFO - condition for 2 >>>>> False
2023-02-10 12:25:46,815 - INFO - condition for 3 >>>>> False
2023-02-10 12:26:04,487 - INFO - 
SCD_scores [64.  64.  45.3 64. ] - pixelwise [0.2854 0.3477 0.1328 0.4973] - custom [ 4.797   7.65   10.234  -0.7188]

2023-02-10 12:26:04,487 - INFO - condition for 0 >>>>> False
2023-02-10 12:26:04,488 - INFO - condition for 1 >>>>> False
2023-02-10 12:26:04,488 - INFO - condition for 2 >>>>> False
2023-02-10 12:26:04,488 - INFO - condition for 3 >>>>> False
2023-02-10 12:26:22,278 - INFO - 
SCD_scores [64. 64. 64. 64.] - pixelwise [0.7188 0.1555 0.3145 0.5205] - custom [ 6.93    8.516   8.06   -0.9375]

2023-02-10 12:26:22,278 - INFO - condition for 0 >>>>> False
2023-02-10 12:26:22,279 - INFO - condition for 1 >>>>> False
2023-02-10 12:26:22,279 - INFO - condition for 2 >>>>> False
2023-02-10 12:26:22,279 - INFO - condition for 3 >>>>> False
2023-02-10 12:26:39,938 - INFO - 
SCD_scores [64. 64. 64. 64.] - pixelwise [0.182  0.1587 0.0905 0.2355] - custom [7.797 7.766 7.86  8.3  ]

2023-02-10 12:26:39,938 - INFO - condition for 0 >>>>> False
2023-02-10 12:26:39,938 - INFO - condition for 1 >>>>> False
2023-02-10 12:26:39,938 - INFO - condition for 2 >>>>> False
2023-02-10 12:26:39,938 - INFO - condition for 3 >>>>> False
2023-02-10 12:26:57,951 - INFO - 
SCD_scores [64.   64.   64.   45.38] - pixelwise [0.3071 0.5986 0.2283 0.2205] - custom [ 8.055  1.828 10.45  11.3  ]

2023-02-10 12:26:57,951 - INFO - condition for 0 >>>>> False
2023-02-10 12:26:57,951 - INFO - condition for 1 >>>>> False
2023-02-10 12:26:57,952 - INFO - condition for 2 >>>>> False
2023-02-10 12:26:57,952 - INFO - condition for 3 >>>>> False
2023-02-10 12:27:16,227 - INFO - 
SCD_scores [64. 64. 64. 64.] - pixelwise [0.3396  0.5063  0.10046 0.4053 ] - custom [-1.5625  8.055   8.125   7.984 ]

2023-02-10 12:27:16,227 - INFO - condition for 0 >>>>> False
2023-02-10 12:27:16,227 - INFO - condition for 1 >>>>> False
2023-02-10 12:27:16,227 - INFO - condition for 2 >>>>> False
2023-02-10 12:27:16,227 - INFO - condition for 3 >>>>> False
2023-02-10 12:27:34,413 - INFO - 
SCD_scores [45.3  64.   45.34 64.  ] - pixelwise [0.1711 0.266  0.2766 0.1284] - custom [10.91   7.723 10.84   7.797]

2023-02-10 12:27:34,413 - INFO - condition for 0 >>>>> False
2023-02-10 12:27:34,414 - INFO - condition for 1 >>>>> False
2023-02-10 12:27:34,414 - INFO - condition for 2 >>>>> False
2023-02-10 12:27:34,414 - INFO - condition for 3 >>>>> False
2023-02-10 12:27:52,278 - INFO - 
SCD_scores [70.75 64.   64.   45.25] - pixelwise [0.3198 0.4575 0.2578 0.2272] - custom [ 8.44   7.336  8.17  11.15 ]

2023-02-10 12:27:52,278 - INFO - condition for 0 >>>>> False
2023-02-10 12:27:52,278 - INFO - condition for 1 >>>>> False
2023-02-10 12:27:52,278 - INFO - condition for 2 >>>>> False
2023-02-10 12:27:52,278 - INFO - condition for 3 >>>>> False
2023-02-10 12:28:10,062 - INFO - 
SCD_scores [64. 64. 64. 64.] - pixelwise [0.3582 0.2642 0.1842 0.2002] - custom [1.484 7.73  8.95  8.26 ]

2023-02-10 12:28:10,062 - INFO - condition for 0 >>>>> False
2023-02-10 12:28:10,062 - INFO - condition for 1 >>>>> False
2023-02-10 12:28:10,062 - INFO - condition for 2 >>>>> False
2023-02-10 12:28:10,062 - INFO - condition for 3 >>>>> False
2023-02-10 12:28:28,086 - INFO - 
SCD_scores [64.   64.   64.   45.38] - pixelwise [0.3872 0.2031 0.5396 0.2211] - custom [ 6.906  8.305  5.406 11.3  ]

2023-02-10 12:28:28,087 - INFO - condition for 0 >>>>> False
2023-02-10 12:28:28,087 - INFO - condition for 1 >>>>> False
2023-02-10 12:28:28,087 - INFO - condition for 2 >>>>> False
2023-02-10 12:28:28,087 - INFO - condition for 3 >>>>> False
slurmstepd: error: *** JOB 13639111 ON d14-17 CANCELLED AT 2023-02-10T12:28:43 ***
