2023-02-03 15:07:51,418 - INFO - Note: NumExpr detected 32 cores but "NUMEXPR_MAX_THREADS" not set, so enforcing safe limit of 8.
2023-02-03 15:07:51,418 - INFO - NumExpr defaulting to 8 threads.
2023-02-03 15:07:54,875 - INFO - []
2023-02-03 15:07:55,036 - INFO - Batch size 4
2023-02-03 15:07:55.112703: I tensorflow/core/platform/cpu_feature_guard.cc:142] This TensorFlow binary is optimized with oneAPI Deep Neural Network Library (oneDNN) to use the following CPU instructions in performance-critical operations:  SSE4.1 SSE4.2 AVX AVX2 AVX512F FMA
To enable them in other operations, rebuild TensorFlow with the appropriate compiler flags.
2023-02-03 15:07:57,473 - INFO - ===================================
2023-02-03 15:07:57,473 - INFO - Number of experiements = 20 
 It's not number of predictions. Num of predictions is upper bounded by 30 x 4 for each experiment
2023-02-03 15:07:57,473 - INFO - ===================================
2023-02-03 15:07:58.368670: I tensorflow/compiler/mlir/mlir_graph_optimization_pass.cc:116] None of the MLIR optimization passes are enabled (registered 2)
2023-02-03 15:07:58.369129: I tensorflow/core/platform/profile_utils/cpu_utils.cc:112] CPU Frequency: 2100000000 Hz
2023-02-03 15:11:21,672 - INFO - success: best seq, map score 64.0, pixelwise 0.0340576171875, custom 53.1875
2023-02-03 15:15:53,357 - INFO - success: best seq, map score 66.0625, pixelwise 0.0123138427734375, custom 50.9375
2023-02-03 15:20:10,465 - INFO - success: best seq, map score 65.0, pixelwise 0.01336669921875, custom 53.5
2023-02-03 15:22:43,325 - INFO - success: best seq, map score 64.0, pixelwise 0.027984619140625, custom 50.1875
2023-02-03 15:23:52,907 - INFO - success: best seq, map score 64.0, pixelwise 0.032379150390625, custom 50.8125
2023-02-03 15:32:38,258 - INFO - ******* last iteration *******
scores: [256. 512. 256. 256.] 
scores pixelwise: [0.1227  1.062   0.03394 0.3774 ] 
custom scores: [16.48  -4.906 20.38  -4.5  ]
2023-02-03 15:41:32,576 - INFO - ******* last iteration *******
scores: [143.4 512.  256.  512. ] 
scores pixelwise: [0.1539 0.2625 0.284  0.3137] 
custom scores: [-11.19  10.    15.89   4.03]
2023-02-03 15:50:21,550 - INFO - ******* last iteration *******
scores: [512. 512. 128. 128.] 
scores pixelwise: [0.3833  0.1807  0.06775 0.212  ] 
custom scores: [  9.86 -28.31  31.78  34.5 ]
2023-02-03 15:59:19,492 - INFO - ******* last iteration *******
scores: [256.  256.  236.5 178.9] 
scores pixelwise: [0.2367  0.114   0.06555 0.1487 ] 
custom scores: [ -24.44   20.95   17.88 -391.  ]
2023-02-03 16:08:10,193 - INFO - ******* last iteration *******
scores: [388.2   73.25 128.   128.  ] 
scores pixelwise: [0.2041  0.0844  0.09985 0.1086 ] 
custom scores: [ 8.44 43.75 28.88 28.25]
2023-02-03 16:16:58,948 - INFO - ******* last iteration *******
scores: [314.5 515.  513.5 128. ] 
scores pixelwise: [0.1293 0.5195 0.5137 0.1439] 
custom scores: [22.03   4.688  8.81  28.31 ]
2023-02-03 16:25:40,319 - INFO - ******* last iteration *******
scores: [518.5 261.  543.  256. ] 
scores pixelwise: [0.5557 0.1294 0.4114 0.2397] 
custom scores: [ 5.86  23.73   6.156  1.25 ]
2023-02-03 16:34:09,392 - INFO - ******* last iteration *******
scores: [1178.  512.  128.  256.] 
scores pixelwise: [0.724  0.1251 0.1616 0.1538] 
custom scores: [-1.578 12.5   19.84  20.11 ]
2023-02-03 16:42:38,214 - INFO - ******* last iteration *******
scores: [128. 512. 512. 512.] 
scores pixelwise: [0.1407 0.2935 0.2505 0.4749] 
custom scores: [ 28.72   10.234 -11.94    3.984]
2023-02-03 16:51:18,305 - INFO - ******* last iteration *******
scores: [256.  266.2 512.  521. ] 
scores pixelwise: [0.151  0.1268 0.267  0.2898] 
custom scores: [23.    19.1    8.984 14.09 ]
2023-02-03 16:59:52,596 - INFO - ******* last iteration *******
scores: [ 549. 1024.  512.  512.] 
scores pixelwise: [0.3328 0.2184 0.3582 0.539 ] 
custom scores: [7.39  3.312 8.59  8.016]
2023-02-03 17:08:33,754 - INFO - ******* last iteration *******
scores: [320.2 512.  256.  256. ] 
scores pixelwise: [0.4854 0.256  0.1539 0.1197] 
custom scores: [16.27 10.92 14.53 26.2 ]
2023-02-03 17:17:20,071 - INFO - ******* last iteration *******
scores: [1024.   258.5  256.   130.9] 
scores pixelwise: [0.4614  0.376   0.2769  0.02223] 
custom scores: [-11.3     5.156  16.78   34.44 ]
2023-02-03 17:26:27,591 - INFO - ******* last iteration *******
scores: [512. 256. 256. 512.] 
scores pixelwise: [0.1824 0.2703 0.2075 0.1602] 
custom scores: [13.83  11.75  11.91  13.984]
2023-02-03 17:36:23,338 - INFO - ******* last iteration *******
scores: [256.  267.2 551.5 512. ] 
scores pixelwise: [0.1156 0.2249 0.531  0.3477] 
custom scores: [19.86 15.53  5.78 15.7 ]
2023-02-03 17:36:27,643 - INFO - finished saving! 
 plotting next if requested
2023-02-03 17:39:36,566 - INFO - finished plotting! 
check data/flat_seqs_model5 for plots
