2023-02-10 01:35:42,695 - INFO - Note: NumExpr detected 32 cores but "NUMEXPR_MAX_THREADS" not set, so enforcing safe limit of 8.
2023-02-10 01:35:42,695 - INFO - NumExpr defaulting to 8 threads.
2023-02-10 01:35:45,728 - INFO - []
2023-02-10 01:35:45,777 - INFO - 
++++++++++++++++++

2023-02-10 01:35:45,778 - INFO - INPUT
2023-02-10 01:35:45,778 - INFO - 
++++++++++++++++++

2023-02-10 01:35:45,778 - INFO - options 
 {'genome_fasta': None, 'plot_lim_min': 0.1, 'plot_freq': 100, 'plot_map': False, 'out_dir': './', 'processes': None, 'rc': False, 'shifts': '0', 'scd_stats': 'SCD,MSS,MPS,CS', 'targets_file': None, 'batch_size': 4, 'head_index': 1, 'model_index': 0, 'background_file': '/project/fudenber_735/tensorflow_models/akita/v2/analysis/background_seqs.fa'}
2023-02-10 01:35:45,778 - INFO - 
++++++++++++++++++

2023-02-10 01:35:45,778 - INFO - args 
 ['/home1/kamulege/akita_utils/bin/background_seq_experiments/data/shuffled_seqs_scores_human/options.pkl', '/project/fudenber_735/tensorflow_models/akita/v2/models/f1c0/train/params.json', '/project/fudenber_735/tensorflow_models/akita/v2/models/f1c0/train/model0_best.h5', '/home1/kamulege/akita_utils/bin/background_seq_experiments/data/shuffled_seqs_human.tsv', '3']
2023-02-10 01:35:45,778 - INFO - 
++++++++++++++++++

2023-02-10 01:35:45.844417: I tensorflow/core/platform/cpu_feature_guard.cc:142] This TensorFlow binary is optimized with oneAPI Deep Neural Network Library (oneDNN) to use the following CPU instructions in performance-critical operations:  SSE4.1 SSE4.2 AVX AVX2 AVX512F FMA
To enable them in other operations, rebuild TensorFlow with the appropriate compiler flags.
2023-02-10 01:35:47,715 - INFO - ===================================
2023-02-10 01:35:47,715 - INFO - Number of experiements = 129 
 It's not number of predictions. Num of predictions is this 129 x 4
2023-02-10 01:35:47,715 - INFO - ===================================
2023-02-10 01:35:47,722 - INFO - initialised stats SCD
2023-02-10 01:35:47,723 - INFO - initialised stats MPS
2023-02-10 01:35:47,724 - INFO - initialised stats CS
2023-02-10 01:35:47,724 - INFO - initialized
2023-02-10 01:38:52.413845: I tensorflow/compiler/mlir/mlir_graph_optimization_pass.cc:116] None of the MLIR optimization passes are enabled (registered 2)
2023-02-10 01:38:52.429313: I tensorflow/core/platform/profile_utils/cpu_utils.cc:112] CPU Frequency: 2100000000 Hz
2023-02-10 01:43:31,425 - INFO - writting SNP predictions for experiment 0
2023-02-10 01:43:31,448 - INFO - writting SNP predictions for experiment 1
2023-02-10 01:43:31,469 - INFO - writting SNP predictions for experiment 2
2023-02-10 01:43:31,490 - INFO - writting SNP predictions for experiment 3
2023-02-10 01:43:31,511 - INFO - writting SNP predictions for experiment 4
2023-02-10 01:43:31,533 - INFO - writting SNP predictions for experiment 5
2023-02-10 01:43:31,554 - INFO - writting SNP predictions for experiment 6
2023-02-10 01:43:31,575 - INFO - writting SNP predictions for experiment 7
2023-02-10 01:43:31,596 - INFO - writting SNP predictions for experiment 8
2023-02-10 01:43:31,617 - INFO - writting SNP predictions for experiment 9
2023-02-10 01:43:31,638 - INFO - writting SNP predictions for experiment 10
2023-02-10 01:43:31,660 - INFO - writting SNP predictions for experiment 11
2023-02-10 01:43:31,681 - INFO - writting SNP predictions for experiment 12
2023-02-10 01:43:31,702 - INFO - writting SNP predictions for experiment 13
2023-02-10 01:43:31,723 - INFO - writting SNP predictions for experiment 14
2023-02-10 01:43:31,744 - INFO - writting SNP predictions for experiment 15
2023-02-10 01:43:31,765 - INFO - writting SNP predictions for experiment 16
2023-02-10 01:43:31,787 - INFO - writting SNP predictions for experiment 17
2023-02-10 01:43:31,808 - INFO - writting SNP predictions for experiment 18
2023-02-10 01:43:31,829 - INFO - writting SNP predictions for experiment 19
2023-02-10 01:43:31,850 - INFO - writting SNP predictions for experiment 20
2023-02-10 01:43:31,872 - INFO - writting SNP predictions for experiment 21
2023-02-10 01:43:31,892 - INFO - writting SNP predictions for experiment 22
2023-02-10 01:43:31,914 - INFO - writting SNP predictions for experiment 23
2023-02-10 01:43:31,935 - INFO - writting SNP predictions for experiment 24
2023-02-10 01:43:31,955 - INFO - writting SNP predictions for experiment 25
2023-02-10 01:43:31,975 - INFO - writting SNP predictions for experiment 26
2023-02-10 01:43:31,996 - INFO - writting SNP predictions for experiment 27
2023-02-10 01:43:32,017 - INFO - writting SNP predictions for experiment 28
2023-02-10 01:43:32,039 - INFO - writting SNP predictions for experiment 29
2023-02-10 01:43:32,061 - INFO - writting SNP predictions for experiment 30
2023-02-10 01:43:32,082 - INFO - writting SNP predictions for experiment 31
2023-02-10 01:43:32,103 - INFO - writting SNP predictions for experiment 32
2023-02-10 01:43:32,125 - INFO - writting SNP predictions for experiment 33
2023-02-10 01:43:32,146 - INFO - writting SNP predictions for experiment 34
2023-02-10 01:43:32,168 - INFO - writting SNP predictions for experiment 35
2023-02-10 01:43:32,190 - INFO - writting SNP predictions for experiment 36
2023-02-10 01:43:32,213 - INFO - writting SNP predictions for experiment 37
2023-02-10 01:43:32,236 - INFO - writting SNP predictions for experiment 38
2023-02-10 01:43:32,258 - INFO - writting SNP predictions for experiment 39
2023-02-10 01:43:32,281 - INFO - writting SNP predictions for experiment 40
2023-02-10 01:43:32,306 - INFO - writting SNP predictions for experiment 41
2023-02-10 01:43:32,328 - INFO - writting SNP predictions for experiment 42
2023-02-10 01:43:32,349 - INFO - writting SNP predictions for experiment 43
2023-02-10 01:43:32,369 - INFO - writting SNP predictions for experiment 44
2023-02-10 01:43:32,390 - INFO - writting SNP predictions for experiment 45
2023-02-10 01:43:32,411 - INFO - writting SNP predictions for experiment 46
2023-02-10 01:43:32,433 - INFO - writting SNP predictions for experiment 47
2023-02-10 01:43:32,454 - INFO - writting SNP predictions for experiment 48
2023-02-10 01:43:32,475 - INFO - writting SNP predictions for experiment 49
2023-02-10 01:43:32,496 - INFO - writting SNP predictions for experiment 50
2023-02-10 01:43:32,517 - INFO - writting SNP predictions for experiment 51
2023-02-10 01:43:32,538 - INFO - writting SNP predictions for experiment 52
2023-02-10 01:43:32,560 - INFO - writting SNP predictions for experiment 53
2023-02-10 01:43:32,581 - INFO - writting SNP predictions for experiment 54
2023-02-10 01:43:32,601 - INFO - writting SNP predictions for experiment 55
2023-02-10 01:43:32,622 - INFO - writting SNP predictions for experiment 56
2023-02-10 01:43:32,643 - INFO - writting SNP predictions for experiment 57
2023-02-10 01:43:32,664 - INFO - writting SNP predictions for experiment 58
2023-02-10 01:43:32,686 - INFO - writting SNP predictions for experiment 59
2023-02-10 01:43:32,706 - INFO - writting SNP predictions for experiment 60
2023-02-10 01:43:32,727 - INFO - writting SNP predictions for experiment 61
2023-02-10 01:43:32,747 - INFO - writting SNP predictions for experiment 62
2023-02-10 01:43:32,768 - INFO - writting SNP predictions for experiment 63
2023-02-10 01:51:00,219 - INFO - writting SNP predictions for experiment 64
2023-02-10 01:51:00,253 - INFO - writting SNP predictions for experiment 65
2023-02-10 01:51:00,275 - INFO - writting SNP predictions for experiment 66
2023-02-10 01:51:00,296 - INFO - writting SNP predictions for experiment 67
2023-02-10 01:51:00,317 - INFO - writting SNP predictions for experiment 68
2023-02-10 01:51:00,339 - INFO - writting SNP predictions for experiment 69
2023-02-10 01:51:00,361 - INFO - writting SNP predictions for experiment 70
2023-02-10 01:51:00,384 - INFO - writting SNP predictions for experiment 71
2023-02-10 01:51:00,406 - INFO - writting SNP predictions for experiment 72
2023-02-10 01:51:00,427 - INFO - writting SNP predictions for experiment 73
2023-02-10 01:51:00,448 - INFO - writting SNP predictions for experiment 74
2023-02-10 01:51:00,470 - INFO - writting SNP predictions for experiment 75
2023-02-10 01:51:00,492 - INFO - writting SNP predictions for experiment 76
2023-02-10 01:51:00,514 - INFO - writting SNP predictions for experiment 77
2023-02-10 01:51:00,536 - INFO - writting SNP predictions for experiment 78
2023-02-10 01:51:00,558 - INFO - writting SNP predictions for experiment 79
2023-02-10 01:51:00,578 - INFO - writting SNP predictions for experiment 80
2023-02-10 01:51:00,599 - INFO - writting SNP predictions for experiment 81
2023-02-10 01:51:00,619 - INFO - writting SNP predictions for experiment 82
2023-02-10 01:51:00,640 - INFO - writting SNP predictions for experiment 83
2023-02-10 01:51:00,660 - INFO - writting SNP predictions for experiment 84
2023-02-10 01:51:00,680 - INFO - writting SNP predictions for experiment 85
2023-02-10 01:51:00,700 - INFO - writting SNP predictions for experiment 86
2023-02-10 01:51:00,721 - INFO - writting SNP predictions for experiment 87
2023-02-10 01:51:00,741 - INFO - writting SNP predictions for experiment 88
2023-02-10 01:51:00,762 - INFO - writting SNP predictions for experiment 89
2023-02-10 01:51:00,782 - INFO - writting SNP predictions for experiment 90
2023-02-10 01:51:00,802 - INFO - writting SNP predictions for experiment 91
2023-02-10 01:51:00,823 - INFO - writting SNP predictions for experiment 92
2023-02-10 01:51:00,843 - INFO - writting SNP predictions for experiment 93
2023-02-10 01:51:00,863 - INFO - writting SNP predictions for experiment 94
2023-02-10 01:51:00,884 - INFO - writting SNP predictions for experiment 95
2023-02-10 01:51:00,904 - INFO - writting SNP predictions for experiment 96
2023-02-10 01:51:00,924 - INFO - writting SNP predictions for experiment 97
2023-02-10 01:51:00,945 - INFO - writting SNP predictions for experiment 98
2023-02-10 01:51:00,966 - INFO - writting SNP predictions for experiment 99
2023-02-10 01:51:00,987 - INFO - writting SNP predictions for experiment 100
2023-02-10 01:51:01,009 - INFO - writting SNP predictions for experiment 101
2023-02-10 01:51:01,030 - INFO - writting SNP predictions for experiment 102
2023-02-10 01:51:01,052 - INFO - writting SNP predictions for experiment 103
2023-02-10 01:51:01,074 - INFO - writting SNP predictions for experiment 104
2023-02-10 01:51:01,096 - INFO - writting SNP predictions for experiment 105
2023-02-10 01:51:01,118 - INFO - writting SNP predictions for experiment 106
2023-02-10 01:51:01,141 - INFO - writting SNP predictions for experiment 107
2023-02-10 01:51:01,163 - INFO - writting SNP predictions for experiment 108
2023-02-10 01:51:01,185 - INFO - writting SNP predictions for experiment 109
2023-02-10 01:51:01,207 - INFO - writting SNP predictions for experiment 110
2023-02-10 01:51:01,228 - INFO - writting SNP predictions for experiment 111
2023-02-10 01:51:01,248 - INFO - writting SNP predictions for experiment 112
2023-02-10 01:51:01,271 - INFO - writting SNP predictions for experiment 113
2023-02-10 01:51:01,293 - INFO - writting SNP predictions for experiment 114
2023-02-10 01:51:01,315 - INFO - writting SNP predictions for experiment 115
2023-02-10 01:51:01,337 - INFO - writting SNP predictions for experiment 116
2023-02-10 01:51:01,360 - INFO - writting SNP predictions for experiment 117
2023-02-10 01:51:01,380 - INFO - writting SNP predictions for experiment 118
2023-02-10 01:51:01,402 - INFO - writting SNP predictions for experiment 119
2023-02-10 01:51:01,423 - INFO - writting SNP predictions for experiment 120
2023-02-10 01:51:01,445 - INFO - writting SNP predictions for experiment 121
2023-02-10 01:51:01,467 - INFO - writting SNP predictions for experiment 122
2023-02-10 01:51:01,490 - INFO - writting SNP predictions for experiment 123
2023-02-10 01:51:01,512 - INFO - writting SNP predictions for experiment 124
2023-02-10 01:51:01,534 - INFO - writting SNP predictions for experiment 125
2023-02-10 01:51:01,555 - INFO - writting SNP predictions for experiment 126
2023-02-10 01:51:01,576 - INFO - writting SNP predictions for experiment 127
2023-02-10 01:51:27,736 - INFO - writting SNP predictions for experiment 128
