2023-02-10 01:36:16,081 - INFO - Note: NumExpr detected 32 cores but "NUMEXPR_MAX_THREADS" not set, so enforcing safe limit of 8.
2023-02-10 01:36:16,081 - INFO - NumExpr defaulting to 8 threads.
2023-02-10 01:36:19,163 - INFO - []
2023-02-10 01:36:19,207 - INFO - 
++++++++++++++++++

2023-02-10 01:36:19,207 - INFO - INPUT
2023-02-10 01:36:19,207 - INFO - 
++++++++++++++++++

2023-02-10 01:36:19,207 - INFO - options 
 {'genome_fasta': None, 'plot_lim_min': 0.1, 'plot_freq': 100, 'plot_map': False, 'out_dir': './', 'processes': None, 'rc': False, 'shifts': '0', 'scd_stats': 'SCD,MSS,MPS,CS', 'targets_file': None, 'batch_size': 4, 'head_index': 1, 'model_index': 0, 'background_file': '/project/fudenber_735/tensorflow_models/akita/v2/analysis/background_seqs.fa'}
2023-02-10 01:36:19,207 - INFO - 
++++++++++++++++++

2023-02-10 01:36:19,207 - INFO - args 
 ['/home1/kamulege/akita_utils/bin/background_seq_experiments/data/shuffled_seqs_scores_human/options.pkl', '/project/fudenber_735/tensorflow_models/akita/v2/models/f1c0/train/params.json', '/project/fudenber_735/tensorflow_models/akita/v2/models/f1c0/train/model0_best.h5', '/home1/kamulege/akita_utils/bin/background_seq_experiments/data/shuffled_seqs_human.tsv', '5']
2023-02-10 01:36:19,207 - INFO - 
++++++++++++++++++

2023-02-10 01:36:19.274983: I tensorflow/core/platform/cpu_feature_guard.cc:142] This TensorFlow binary is optimized with oneAPI Deep Neural Network Library (oneDNN) to use the following CPU instructions in performance-critical operations:  SSE4.1 SSE4.2 AVX AVX2 AVX512F FMA
To enable them in other operations, rebuild TensorFlow with the appropriate compiler flags.
2023-02-10 01:36:21,162 - INFO - ===================================
2023-02-10 01:36:21,162 - INFO - Number of experiements = 129 
 It's not number of predictions. Num of predictions is this 129 x 4
2023-02-10 01:36:21,163 - INFO - ===================================
2023-02-10 01:36:21,168 - INFO - initialised stats SCD
2023-02-10 01:36:21,169 - INFO - initialised stats MPS
2023-02-10 01:36:21,170 - INFO - initialised stats CS
2023-02-10 01:36:21,171 - INFO - initialized
2023-02-10 01:39:23.766188: I tensorflow/compiler/mlir/mlir_graph_optimization_pass.cc:116] None of the MLIR optimization passes are enabled (registered 2)
2023-02-10 01:39:23.779903: I tensorflow/core/platform/profile_utils/cpu_utils.cc:112] CPU Frequency: 2100000000 Hz
2023-02-10 01:44:50,237 - INFO - writting SNP predictions for experiment 0
2023-02-10 01:44:50,271 - INFO - writting SNP predictions for experiment 1
2023-02-10 01:44:50,292 - INFO - writting SNP predictions for experiment 2
2023-02-10 01:44:50,313 - INFO - writting SNP predictions for experiment 3
2023-02-10 01:44:50,334 - INFO - writting SNP predictions for experiment 4
2023-02-10 01:44:50,356 - INFO - writting SNP predictions for experiment 5
2023-02-10 01:44:50,376 - INFO - writting SNP predictions for experiment 6
2023-02-10 01:44:50,397 - INFO - writting SNP predictions for experiment 7
2023-02-10 01:44:50,418 - INFO - writting SNP predictions for experiment 8
2023-02-10 01:44:50,440 - INFO - writting SNP predictions for experiment 9
2023-02-10 01:44:50,461 - INFO - writting SNP predictions for experiment 10
2023-02-10 01:44:50,484 - INFO - writting SNP predictions for experiment 11
2023-02-10 01:44:50,507 - INFO - writting SNP predictions for experiment 12
2023-02-10 01:44:50,530 - INFO - writting SNP predictions for experiment 13
2023-02-10 01:44:50,554 - INFO - writting SNP predictions for experiment 14
2023-02-10 01:44:50,577 - INFO - writting SNP predictions for experiment 15
2023-02-10 01:44:50,599 - INFO - writting SNP predictions for experiment 16
2023-02-10 01:44:50,622 - INFO - writting SNP predictions for experiment 17
2023-02-10 01:44:50,644 - INFO - writting SNP predictions for experiment 18
2023-02-10 01:44:50,666 - INFO - writting SNP predictions for experiment 19
2023-02-10 01:44:50,687 - INFO - writting SNP predictions for experiment 20
2023-02-10 01:44:50,708 - INFO - writting SNP predictions for experiment 21
2023-02-10 01:44:50,729 - INFO - writting SNP predictions for experiment 22
2023-02-10 01:44:50,752 - INFO - writting SNP predictions for experiment 23
2023-02-10 01:44:50,775 - INFO - writting SNP predictions for experiment 24
2023-02-10 01:44:50,797 - INFO - writting SNP predictions for experiment 25
2023-02-10 01:44:50,820 - INFO - writting SNP predictions for experiment 26
2023-02-10 01:44:50,842 - INFO - writting SNP predictions for experiment 27
2023-02-10 01:44:50,863 - INFO - writting SNP predictions for experiment 28
2023-02-10 01:44:50,884 - INFO - writting SNP predictions for experiment 29
2023-02-10 01:44:50,905 - INFO - writting SNP predictions for experiment 30
2023-02-10 01:44:50,927 - INFO - writting SNP predictions for experiment 31
2023-02-10 01:44:50,950 - INFO - writting SNP predictions for experiment 32
2023-02-10 01:44:50,973 - INFO - writting SNP predictions for experiment 33
2023-02-10 01:44:50,995 - INFO - writting SNP predictions for experiment 34
2023-02-10 01:44:51,017 - INFO - writting SNP predictions for experiment 35
2023-02-10 01:44:51,038 - INFO - writting SNP predictions for experiment 36
2023-02-10 01:44:51,058 - INFO - writting SNP predictions for experiment 37
2023-02-10 01:44:51,080 - INFO - writting SNP predictions for experiment 38
2023-02-10 01:44:51,101 - INFO - writting SNP predictions for experiment 39
2023-02-10 01:44:51,122 - INFO - writting SNP predictions for experiment 40
2023-02-10 01:44:51,144 - INFO - writting SNP predictions for experiment 41
2023-02-10 01:44:51,165 - INFO - writting SNP predictions for experiment 42
2023-02-10 01:44:51,185 - INFO - writting SNP predictions for experiment 43
2023-02-10 01:44:51,206 - INFO - writting SNP predictions for experiment 44
2023-02-10 01:44:51,227 - INFO - writting SNP predictions for experiment 45
2023-02-10 01:44:51,248 - INFO - writting SNP predictions for experiment 46
2023-02-10 01:44:51,269 - INFO - writting SNP predictions for experiment 47
2023-02-10 01:44:51,290 - INFO - writting SNP predictions for experiment 48
2023-02-10 01:44:51,310 - INFO - writting SNP predictions for experiment 49
2023-02-10 01:44:51,332 - INFO - writting SNP predictions for experiment 50
2023-02-10 01:44:51,353 - INFO - writting SNP predictions for experiment 51
2023-02-10 01:44:51,374 - INFO - writting SNP predictions for experiment 52
2023-02-10 01:44:51,395 - INFO - writting SNP predictions for experiment 53
2023-02-10 01:44:51,415 - INFO - writting SNP predictions for experiment 54
2023-02-10 01:44:51,436 - INFO - writting SNP predictions for experiment 55
2023-02-10 01:44:51,457 - INFO - writting SNP predictions for experiment 56
2023-02-10 01:44:51,477 - INFO - writting SNP predictions for experiment 57
2023-02-10 01:44:51,497 - INFO - writting SNP predictions for experiment 58
2023-02-10 01:44:51,518 - INFO - writting SNP predictions for experiment 59
2023-02-10 01:44:51,539 - INFO - writting SNP predictions for experiment 60
2023-02-10 01:44:51,559 - INFO - writting SNP predictions for experiment 61
2023-02-10 01:44:51,580 - INFO - writting SNP predictions for experiment 62
2023-02-10 01:44:51,600 - INFO - writting SNP predictions for experiment 63
2023-02-10 01:53:22,432 - INFO - writting SNP predictions for experiment 64
2023-02-10 01:53:22,453 - INFO - writting SNP predictions for experiment 65
2023-02-10 01:53:22,472 - INFO - writting SNP predictions for experiment 66
2023-02-10 01:53:22,491 - INFO - writting SNP predictions for experiment 67
2023-02-10 01:53:22,510 - INFO - writting SNP predictions for experiment 68
2023-02-10 01:53:22,529 - INFO - writting SNP predictions for experiment 69
2023-02-10 01:53:22,548 - INFO - writting SNP predictions for experiment 70
2023-02-10 01:53:22,567 - INFO - writting SNP predictions for experiment 71
2023-02-10 01:53:22,586 - INFO - writting SNP predictions for experiment 72
2023-02-10 01:53:22,605 - INFO - writting SNP predictions for experiment 73
2023-02-10 01:53:22,624 - INFO - writting SNP predictions for experiment 74
2023-02-10 01:53:22,643 - INFO - writting SNP predictions for experiment 75
2023-02-10 01:53:22,662 - INFO - writting SNP predictions for experiment 76
2023-02-10 01:53:22,681 - INFO - writting SNP predictions for experiment 77
2023-02-10 01:53:22,700 - INFO - writting SNP predictions for experiment 78
2023-02-10 01:53:22,719 - INFO - writting SNP predictions for experiment 79
2023-02-10 01:53:22,737 - INFO - writting SNP predictions for experiment 80
2023-02-10 01:53:22,756 - INFO - writting SNP predictions for experiment 81
2023-02-10 01:53:22,775 - INFO - writting SNP predictions for experiment 82
2023-02-10 01:53:22,794 - INFO - writting SNP predictions for experiment 83
2023-02-10 01:53:22,813 - INFO - writting SNP predictions for experiment 84
2023-02-10 01:53:22,832 - INFO - writting SNP predictions for experiment 85
2023-02-10 01:53:22,851 - INFO - writting SNP predictions for experiment 86
2023-02-10 01:53:22,870 - INFO - writting SNP predictions for experiment 87
2023-02-10 01:53:22,889 - INFO - writting SNP predictions for experiment 88
2023-02-10 01:53:22,908 - INFO - writting SNP predictions for experiment 89
2023-02-10 01:53:22,926 - INFO - writting SNP predictions for experiment 90
2023-02-10 01:53:22,945 - INFO - writting SNP predictions for experiment 91
2023-02-10 01:53:22,964 - INFO - writting SNP predictions for experiment 92
2023-02-10 01:53:22,983 - INFO - writting SNP predictions for experiment 93
2023-02-10 01:53:23,002 - INFO - writting SNP predictions for experiment 94
2023-02-10 01:53:23,021 - INFO - writting SNP predictions for experiment 95
2023-02-10 01:53:23,040 - INFO - writting SNP predictions for experiment 96
2023-02-10 01:53:23,059 - INFO - writting SNP predictions for experiment 97
2023-02-10 01:53:23,078 - INFO - writting SNP predictions for experiment 98
2023-02-10 01:53:23,096 - INFO - writting SNP predictions for experiment 99
2023-02-10 01:53:23,115 - INFO - writting SNP predictions for experiment 100
2023-02-10 01:53:23,135 - INFO - writting SNP predictions for experiment 101
2023-02-10 01:53:23,153 - INFO - writting SNP predictions for experiment 102
2023-02-10 01:53:23,172 - INFO - writting SNP predictions for experiment 103
2023-02-10 01:53:23,191 - INFO - writting SNP predictions for experiment 104
2023-02-10 01:53:23,210 - INFO - writting SNP predictions for experiment 105
2023-02-10 01:53:23,229 - INFO - writting SNP predictions for experiment 106
2023-02-10 01:53:23,248 - INFO - writting SNP predictions for experiment 107
2023-02-10 01:53:23,267 - INFO - writting SNP predictions for experiment 108
2023-02-10 01:53:23,285 - INFO - writting SNP predictions for experiment 109
2023-02-10 01:53:23,304 - INFO - writting SNP predictions for experiment 110
2023-02-10 01:53:23,323 - INFO - writting SNP predictions for experiment 111
2023-02-10 01:53:23,342 - INFO - writting SNP predictions for experiment 112
2023-02-10 01:53:23,361 - INFO - writting SNP predictions for experiment 113
2023-02-10 01:53:23,380 - INFO - writting SNP predictions for experiment 114
2023-02-10 01:53:23,399 - INFO - writting SNP predictions for experiment 115
2023-02-10 01:53:23,418 - INFO - writting SNP predictions for experiment 116
2023-02-10 01:53:23,436 - INFO - writting SNP predictions for experiment 117
2023-02-10 01:53:23,455 - INFO - writting SNP predictions for experiment 118
2023-02-10 01:53:23,475 - INFO - writting SNP predictions for experiment 119
2023-02-10 01:53:23,493 - INFO - writting SNP predictions for experiment 120
2023-02-10 01:53:23,512 - INFO - writting SNP predictions for experiment 121
2023-02-10 01:53:23,531 - INFO - writting SNP predictions for experiment 122
2023-02-10 01:53:23,550 - INFO - writting SNP predictions for experiment 123
2023-02-10 01:53:23,569 - INFO - writting SNP predictions for experiment 124
2023-02-10 01:53:23,588 - INFO - writting SNP predictions for experiment 125
2023-02-10 01:53:23,607 - INFO - writting SNP predictions for experiment 126
2023-02-10 01:53:23,626 - INFO - writting SNP predictions for experiment 127
2023-02-10 01:53:28,188 - INFO - writting SNP predictions for experiment 128
