2023-02-10 01:36:16,081 - INFO - Note: NumExpr detected 32 cores but "NUMEXPR_MAX_THREADS" not set, so enforcing safe limit of 8.
2023-02-10 01:36:16,081 - INFO - NumExpr defaulting to 8 threads.
2023-02-10 01:36:19,163 - INFO - []
2023-02-10 01:36:19,207 - INFO - 
++++++++++++++++++

2023-02-10 01:36:19,207 - INFO - INPUT
2023-02-10 01:36:19,207 - INFO - 
++++++++++++++++++

2023-02-10 01:36:19,207 - INFO - options 
 {'genome_fasta': None, 'plot_lim_min': 0.1, 'plot_freq': 100, 'plot_map': False, 'out_dir': './', 'processes': None, 'rc': False, 'shifts': '0', 'scd_stats': 'SCD,MSS,MPS,CS', 'targets_file': None, 'batch_size': 4, 'head_index': 1, 'model_index': 0, 'background_file': '/project/fudenber_735/tensorflow_models/akita/v2/analysis/background_seqs.fa'}
2023-02-10 01:36:19,207 - INFO - 
++++++++++++++++++

2023-02-10 01:36:19,207 - INFO - args 
 ['/home1/kamulege/akita_utils/bin/background_seq_experiments/data/shuffled_seqs_scores_human/options.pkl', '/project/fudenber_735/tensorflow_models/akita/v2/models/f1c0/train/params.json', '/project/fudenber_735/tensorflow_models/akita/v2/models/f1c0/train/model0_best.h5', '/home1/kamulege/akita_utils/bin/background_seq_experiments/data/shuffled_seqs_human.tsv', '6']
2023-02-10 01:36:19,207 - INFO - 
++++++++++++++++++

2023-02-10 01:36:19.285097: I tensorflow/core/platform/cpu_feature_guard.cc:142] This TensorFlow binary is optimized with oneAPI Deep Neural Network Library (oneDNN) to use the following CPU instructions in performance-critical operations:  SSE4.1 SSE4.2 AVX AVX2 AVX512F FMA
To enable them in other operations, rebuild TensorFlow with the appropriate compiler flags.
2023-02-10 01:36:21,151 - INFO - ===================================
2023-02-10 01:36:21,151 - INFO - Number of experiements = 129 
 It's not number of predictions. Num of predictions is this 129 x 4
2023-02-10 01:36:21,151 - INFO - ===================================
2023-02-10 01:36:21,156 - INFO - initialised stats SCD
2023-02-10 01:36:21,157 - INFO - initialised stats MPS
2023-02-10 01:36:21,158 - INFO - initialised stats CS
2023-02-10 01:36:21,158 - INFO - initialized
2023-02-10 01:39:26.969531: I tensorflow/compiler/mlir/mlir_graph_optimization_pass.cc:116] None of the MLIR optimization passes are enabled (registered 2)
2023-02-10 01:39:26.977061: I tensorflow/core/platform/profile_utils/cpu_utils.cc:112] CPU Frequency: 2100000000 Hz
2023-02-10 01:44:52,875 - INFO - writting SNP predictions for experiment 0
2023-02-10 01:44:52,898 - INFO - writting SNP predictions for experiment 1
2023-02-10 01:44:52,919 - INFO - writting SNP predictions for experiment 2
2023-02-10 01:44:52,939 - INFO - writting SNP predictions for experiment 3
2023-02-10 01:44:52,959 - INFO - writting SNP predictions for experiment 4
2023-02-10 01:44:52,980 - INFO - writting SNP predictions for experiment 5
2023-02-10 01:44:53,000 - INFO - writting SNP predictions for experiment 6
2023-02-10 01:44:53,020 - INFO - writting SNP predictions for experiment 7
2023-02-10 01:44:53,041 - INFO - writting SNP predictions for experiment 8
2023-02-10 01:44:53,061 - INFO - writting SNP predictions for experiment 9
2023-02-10 01:44:53,081 - INFO - writting SNP predictions for experiment 10
2023-02-10 01:44:53,102 - INFO - writting SNP predictions for experiment 11
2023-02-10 01:44:53,122 - INFO - writting SNP predictions for experiment 12
2023-02-10 01:44:53,142 - INFO - writting SNP predictions for experiment 13
2023-02-10 01:44:53,163 - INFO - writting SNP predictions for experiment 14
2023-02-10 01:44:53,183 - INFO - writting SNP predictions for experiment 15
2023-02-10 01:44:53,203 - INFO - writting SNP predictions for experiment 16
2023-02-10 01:44:53,224 - INFO - writting SNP predictions for experiment 17
2023-02-10 01:44:53,244 - INFO - writting SNP predictions for experiment 18
2023-02-10 01:44:53,265 - INFO - writting SNP predictions for experiment 19
2023-02-10 01:44:53,285 - INFO - writting SNP predictions for experiment 20
2023-02-10 01:44:53,306 - INFO - writting SNP predictions for experiment 21
2023-02-10 01:44:53,327 - INFO - writting SNP predictions for experiment 22
2023-02-10 01:44:53,347 - INFO - writting SNP predictions for experiment 23
2023-02-10 01:44:53,368 - INFO - writting SNP predictions for experiment 24
2023-02-10 01:44:53,388 - INFO - writting SNP predictions for experiment 25
2023-02-10 01:44:53,408 - INFO - writting SNP predictions for experiment 26
2023-02-10 01:44:53,429 - INFO - writting SNP predictions for experiment 27
2023-02-10 01:44:53,449 - INFO - writting SNP predictions for experiment 28
2023-02-10 01:44:53,470 - INFO - writting SNP predictions for experiment 29
2023-02-10 01:44:53,490 - INFO - writting SNP predictions for experiment 30
2023-02-10 01:44:53,510 - INFO - writting SNP predictions for experiment 31
2023-02-10 01:44:53,531 - INFO - writting SNP predictions for experiment 32
2023-02-10 01:44:53,551 - INFO - writting SNP predictions for experiment 33
2023-02-10 01:44:53,571 - INFO - writting SNP predictions for experiment 34
2023-02-10 01:44:53,591 - INFO - writting SNP predictions for experiment 35
2023-02-10 01:44:53,612 - INFO - writting SNP predictions for experiment 36
2023-02-10 01:44:53,632 - INFO - writting SNP predictions for experiment 37
2023-02-10 01:44:53,652 - INFO - writting SNP predictions for experiment 38
2023-02-10 01:44:53,673 - INFO - writting SNP predictions for experiment 39
2023-02-10 01:44:53,693 - INFO - writting SNP predictions for experiment 40
2023-02-10 01:44:53,713 - INFO - writting SNP predictions for experiment 41
2023-02-10 01:44:53,734 - INFO - writting SNP predictions for experiment 42
2023-02-10 01:44:53,754 - INFO - writting SNP predictions for experiment 43
2023-02-10 01:44:53,774 - INFO - writting SNP predictions for experiment 44
2023-02-10 01:44:53,794 - INFO - writting SNP predictions for experiment 45
2023-02-10 01:44:53,815 - INFO - writting SNP predictions for experiment 46
2023-02-10 01:44:53,835 - INFO - writting SNP predictions for experiment 47
2023-02-10 01:44:53,856 - INFO - writting SNP predictions for experiment 48
2023-02-10 01:44:53,876 - INFO - writting SNP predictions for experiment 49
2023-02-10 01:44:53,896 - INFO - writting SNP predictions for experiment 50
2023-02-10 01:44:53,916 - INFO - writting SNP predictions for experiment 51
2023-02-10 01:44:53,937 - INFO - writting SNP predictions for experiment 52
2023-02-10 01:44:53,957 - INFO - writting SNP predictions for experiment 53
2023-02-10 01:44:53,977 - INFO - writting SNP predictions for experiment 54
2023-02-10 01:44:53,998 - INFO - writting SNP predictions for experiment 55
2023-02-10 01:44:54,018 - INFO - writting SNP predictions for experiment 56
2023-02-10 01:44:54,038 - INFO - writting SNP predictions for experiment 57
2023-02-10 01:44:54,058 - INFO - writting SNP predictions for experiment 58
2023-02-10 01:44:54,079 - INFO - writting SNP predictions for experiment 59
2023-02-10 01:44:54,099 - INFO - writting SNP predictions for experiment 60
2023-02-10 01:44:54,119 - INFO - writting SNP predictions for experiment 61
2023-02-10 01:44:54,140 - INFO - writting SNP predictions for experiment 62
2023-02-10 01:44:54,160 - INFO - writting SNP predictions for experiment 63
2023-02-10 01:53:01,080 - INFO - writting SNP predictions for experiment 64
2023-02-10 01:53:01,103 - INFO - writting SNP predictions for experiment 65
2023-02-10 01:53:01,125 - INFO - writting SNP predictions for experiment 66
2023-02-10 01:53:01,146 - INFO - writting SNP predictions for experiment 67
2023-02-10 01:53:01,169 - INFO - writting SNP predictions for experiment 68
2023-02-10 01:53:01,191 - INFO - writting SNP predictions for experiment 69
2023-02-10 01:53:01,214 - INFO - writting SNP predictions for experiment 70
2023-02-10 01:53:01,235 - INFO - writting SNP predictions for experiment 71
2023-02-10 01:53:01,256 - INFO - writting SNP predictions for experiment 72
2023-02-10 01:53:01,277 - INFO - writting SNP predictions for experiment 73
2023-02-10 01:53:01,298 - INFO - writting SNP predictions for experiment 74
2023-02-10 01:53:01,318 - INFO - writting SNP predictions for experiment 75
2023-02-10 01:53:01,339 - INFO - writting SNP predictions for experiment 76
2023-02-10 01:53:01,359 - INFO - writting SNP predictions for experiment 77
2023-02-10 01:53:01,380 - INFO - writting SNP predictions for experiment 78
2023-02-10 01:53:01,401 - INFO - writting SNP predictions for experiment 79
2023-02-10 01:53:01,422 - INFO - writting SNP predictions for experiment 80
2023-02-10 01:53:01,443 - INFO - writting SNP predictions for experiment 81
2023-02-10 01:53:01,464 - INFO - writting SNP predictions for experiment 82
2023-02-10 01:53:01,485 - INFO - writting SNP predictions for experiment 83
2023-02-10 01:53:01,506 - INFO - writting SNP predictions for experiment 84
2023-02-10 01:53:01,526 - INFO - writting SNP predictions for experiment 85
2023-02-10 01:53:01,547 - INFO - writting SNP predictions for experiment 86
2023-02-10 01:53:01,568 - INFO - writting SNP predictions for experiment 87
2023-02-10 01:53:01,589 - INFO - writting SNP predictions for experiment 88
2023-02-10 01:53:01,610 - INFO - writting SNP predictions for experiment 89
2023-02-10 01:53:01,630 - INFO - writting SNP predictions for experiment 90
2023-02-10 01:53:01,651 - INFO - writting SNP predictions for experiment 91
2023-02-10 01:53:01,671 - INFO - writting SNP predictions for experiment 92
2023-02-10 01:53:01,692 - INFO - writting SNP predictions for experiment 93
2023-02-10 01:53:01,712 - INFO - writting SNP predictions for experiment 94
2023-02-10 01:53:01,732 - INFO - writting SNP predictions for experiment 95
2023-02-10 01:53:01,753 - INFO - writting SNP predictions for experiment 96
2023-02-10 01:53:01,773 - INFO - writting SNP predictions for experiment 97
2023-02-10 01:53:01,794 - INFO - writting SNP predictions for experiment 98
2023-02-10 01:53:01,814 - INFO - writting SNP predictions for experiment 99
2023-02-10 01:53:01,834 - INFO - writting SNP predictions for experiment 100
2023-02-10 01:53:01,855 - INFO - writting SNP predictions for experiment 101
2023-02-10 01:53:01,875 - INFO - writting SNP predictions for experiment 102
2023-02-10 01:53:01,895 - INFO - writting SNP predictions for experiment 103
2023-02-10 01:53:01,916 - INFO - writting SNP predictions for experiment 104
2023-02-10 01:53:01,936 - INFO - writting SNP predictions for experiment 105
2023-02-10 01:53:01,956 - INFO - writting SNP predictions for experiment 106
2023-02-10 01:53:01,977 - INFO - writting SNP predictions for experiment 107
2023-02-10 01:53:01,997 - INFO - writting SNP predictions for experiment 108
2023-02-10 01:53:02,016 - INFO - writting SNP predictions for experiment 109
2023-02-10 01:53:02,036 - INFO - writting SNP predictions for experiment 110
2023-02-10 01:53:02,056 - INFO - writting SNP predictions for experiment 111
2023-02-10 01:53:02,077 - INFO - writting SNP predictions for experiment 112
2023-02-10 01:53:02,100 - INFO - writting SNP predictions for experiment 113
2023-02-10 01:53:02,122 - INFO - writting SNP predictions for experiment 114
2023-02-10 01:53:02,144 - INFO - writting SNP predictions for experiment 115
2023-02-10 01:53:02,166 - INFO - writting SNP predictions for experiment 116
2023-02-10 01:53:02,188 - INFO - writting SNP predictions for experiment 117
2023-02-10 01:53:02,210 - INFO - writting SNP predictions for experiment 118
2023-02-10 01:53:02,233 - INFO - writting SNP predictions for experiment 119
2023-02-10 01:53:02,255 - INFO - writting SNP predictions for experiment 120
2023-02-10 01:53:02,275 - INFO - writting SNP predictions for experiment 121
2023-02-10 01:53:02,297 - INFO - writting SNP predictions for experiment 122
2023-02-10 01:53:02,319 - INFO - writting SNP predictions for experiment 123
2023-02-10 01:53:02,341 - INFO - writting SNP predictions for experiment 124
2023-02-10 01:53:02,364 - INFO - writting SNP predictions for experiment 125
2023-02-10 01:53:02,387 - INFO - writting SNP predictions for experiment 126
2023-02-10 01:53:02,409 - INFO - writting SNP predictions for experiment 127
2023-02-10 01:53:08,385 - INFO - writting SNP predictions for experiment 128
