2023-02-03 22:45:10,417 - INFO - Note: NumExpr detected 32 cores but "NUMEXPR_MAX_THREADS" not set, so enforcing safe limit of 8.
2023-02-03 22:45:10,417 - INFO - NumExpr defaulting to 8 threads.
2023-02-03 22:45:13,209 - INFO - []
2023-02-03 22:45:13,250 - INFO - 
++++++++++++++++++

2023-02-03 22:45:13,250 - INFO - INPUT
2023-02-03 22:45:13,250 - INFO - 
++++++++++++++++++

2023-02-03 22:45:13,250 - INFO - options 
 {'genome_fasta': None, 'plot_lim_min': 0.1, 'plot_freq': 100, 'plot_map': False, 'out_dir': './', 'processes': None, 'rc': False, 'shifts': '0', 'scd_stats': 'SCD,MSS,MPS,CS', 'targets_file': None, 'batch_size': 4, 'head_index': 1, 'model_index': 0, 'background_file': '/project/fudenber_735/tensorflow_models/akita/v2/analysis/background_seqs.fa'}
2023-02-03 22:45:13,250 - INFO - 
++++++++++++++++++

2023-02-03 22:45:13,250 - INFO - args 
 ['/home1/kamulege/akita_utils/bin/background_seq_experiments/data/shuffled_seqs_scores_1/options.pkl', '/project/fudenber_735/tensorflow_models/akita/v2/models/f1c0/train/params.json', '/project/fudenber_735/tensorflow_models/akita/v2/models/f1c0/train/model1_best.h5', '/home1/kamulege/akita_utils/bin/background_seq_experiments/data/shuffled_seqs.tsv', '1']
2023-02-03 22:45:13,250 - INFO - 
++++++++++++++++++

2023-02-03 22:45:13.326216: I tensorflow/core/platform/cpu_feature_guard.cc:142] This TensorFlow binary is optimized with oneAPI Deep Neural Network Library (oneDNN) to use the following CPU instructions in performance-critical operations:  SSE4.1 SSE4.2 AVX AVX2 AVX512F FMA
To enable them in other operations, rebuild TensorFlow with the appropriate compiler flags.
2023-02-03 22:45:15,319 - INFO - ===================================
2023-02-03 22:45:15,320 - INFO - Number of experiements = 32 
 It's not number of predictions. Num of predictions is this 32 x 4
2023-02-03 22:45:15,320 - INFO - ===================================
2023-02-03 22:45:15,334 - INFO - initialised stats SCD
2023-02-03 22:45:15,335 - INFO - initialised stats MPS
2023-02-03 22:45:15,336 - INFO - initialised stats CS
2023-02-03 22:45:15,338 - INFO - initialized
2023-02-03 22:47:14.277955: I tensorflow/compiler/mlir/mlir_graph_optimization_pass.cc:116] None of the MLIR optimization passes are enabled (registered 2)
2023-02-03 22:47:14.294670: I tensorflow/core/platform/profile_utils/cpu_utils.cc:112] CPU Frequency: 2100000000 Hz
2023-02-03 22:49:40,070 - INFO - writting SNP predictions for experiment 0
2023-02-03 22:49:40,110 - INFO - writting SNP predictions for experiment 1
2023-02-03 22:49:40,136 - INFO - writting SNP predictions for experiment 2
2023-02-03 22:49:40,160 - INFO - writting SNP predictions for experiment 3
2023-02-03 22:49:40,186 - INFO - writting SNP predictions for experiment 4
2023-02-03 22:49:40,210 - INFO - writting SNP predictions for experiment 5
2023-02-03 22:49:40,234 - INFO - writting SNP predictions for experiment 6
2023-02-03 22:49:40,260 - INFO - writting SNP predictions for experiment 7
2023-02-03 22:49:40,284 - INFO - writting SNP predictions for experiment 8
2023-02-03 22:49:40,309 - INFO - writting SNP predictions for experiment 9
2023-02-03 22:49:40,335 - INFO - writting SNP predictions for experiment 10
2023-02-03 22:49:40,357 - INFO - writting SNP predictions for experiment 11
2023-02-03 22:49:40,383 - INFO - writting SNP predictions for experiment 12
2023-02-03 22:49:40,409 - INFO - writting SNP predictions for experiment 13
2023-02-03 22:49:40,432 - INFO - writting SNP predictions for experiment 14
2023-02-03 22:49:40,459 - INFO - writting SNP predictions for experiment 15
2023-02-03 22:49:40,484 - INFO - writting SNP predictions for experiment 16
2023-02-03 22:49:40,507 - INFO - writting SNP predictions for experiment 17
2023-02-03 22:49:40,534 - INFO - writting SNP predictions for experiment 18
2023-02-03 22:49:40,557 - INFO - writting SNP predictions for experiment 19
2023-02-03 22:49:40,583 - INFO - writting SNP predictions for experiment 20
2023-02-03 22:49:40,610 - INFO - writting SNP predictions for experiment 21
2023-02-03 22:49:40,632 - INFO - writting SNP predictions for experiment 22
2023-02-03 22:49:40,658 - INFO - writting SNP predictions for experiment 23
2023-02-03 22:49:40,683 - INFO - writting SNP predictions for experiment 24
2023-02-03 22:49:40,706 - INFO - writting SNP predictions for experiment 25
2023-02-03 22:49:40,732 - INFO - writting SNP predictions for experiment 26
2023-02-03 22:49:40,756 - INFO - writting SNP predictions for experiment 27
2023-02-03 22:49:40,780 - INFO - writting SNP predictions for experiment 28
2023-02-03 22:49:40,806 - INFO - writting SNP predictions for experiment 29
2023-02-03 22:49:40,830 - INFO - writting SNP predictions for experiment 30
2023-02-03 22:49:40,855 - INFO - writting SNP predictions for experiment 31
