2023-02-03 22:45:40,213 - INFO - Note: NumExpr detected 20 cores but "NUMEXPR_MAX_THREADS" not set, so enforcing safe limit of 8.
2023-02-03 22:45:40,213 - INFO - NumExpr defaulting to 8 threads.
2023-02-03 22:45:42,786 - INFO - []
2023-02-03 22:45:42,831 - INFO - 
++++++++++++++++++

2023-02-03 22:45:42,831 - INFO - INPUT
2023-02-03 22:45:42,831 - INFO - 
++++++++++++++++++

2023-02-03 22:45:42,831 - INFO - options 
 {'genome_fasta': None, 'plot_lim_min': 0.1, 'plot_freq': 100, 'plot_map': False, 'out_dir': './', 'processes': None, 'rc': False, 'shifts': '0', 'scd_stats': 'SCD,MSS,MPS,CS', 'targets_file': None, 'batch_size': 4, 'head_index': 1, 'model_index': 0, 'background_file': '/project/fudenber_735/tensorflow_models/akita/v2/analysis/background_seqs.fa'}
2023-02-03 22:45:42,831 - INFO - 
++++++++++++++++++

2023-02-03 22:45:42,831 - INFO - args 
 ['/home1/kamulege/akita_utils/bin/background_seq_experiments/data/shuffled_seqs_scores_1/options.pkl', '/project/fudenber_735/tensorflow_models/akita/v2/models/f1c0/train/params.json', '/project/fudenber_735/tensorflow_models/akita/v2/models/f1c0/train/model1_best.h5', '/home1/kamulege/akita_utils/bin/background_seq_experiments/data/shuffled_seqs.tsv', '4']
2023-02-03 22:45:42,831 - INFO - 
++++++++++++++++++

2023-02-03 22:45:42.917251: I tensorflow/core/platform/cpu_feature_guard.cc:142] This TensorFlow binary is optimized with oneAPI Deep Neural Network Library (oneDNN) to use the following CPU instructions in performance-critical operations:  SSE4.1 SSE4.2 AVX AVX2 FMA
To enable them in other operations, rebuild TensorFlow with the appropriate compiler flags.
2023-02-03 22:45:44,911 - INFO - ===================================
2023-02-03 22:45:44,911 - INFO - Number of experiements = 32 
 It's not number of predictions. Num of predictions is this 32 x 4
2023-02-03 22:45:44,911 - INFO - ===================================
2023-02-03 22:45:44,925 - INFO - initialised stats SCD
2023-02-03 22:45:44,926 - INFO - initialised stats MPS
2023-02-03 22:45:44,927 - INFO - initialised stats CS
2023-02-03 22:45:44,928 - INFO - initialized
2023-02-03 22:47:25.727496: I tensorflow/compiler/mlir/mlir_graph_optimization_pass.cc:116] None of the MLIR optimization passes are enabled (registered 2)
2023-02-03 22:47:25.735040: I tensorflow/core/platform/profile_utils/cpu_utils.cc:112] CPU Frequency: 2394380000 Hz
2023-02-03 22:50:35,816 - INFO - writting SNP predictions for experiment 0
2023-02-03 22:50:35,843 - INFO - writting SNP predictions for experiment 1
2023-02-03 22:50:35,871 - INFO - writting SNP predictions for experiment 2
2023-02-03 22:50:35,898 - INFO - writting SNP predictions for experiment 3
2023-02-03 22:50:35,924 - INFO - writting SNP predictions for experiment 4
2023-02-03 22:50:35,950 - INFO - writting SNP predictions for experiment 5
2023-02-03 22:50:35,976 - INFO - writting SNP predictions for experiment 6
2023-02-03 22:50:36,001 - INFO - writting SNP predictions for experiment 7
2023-02-03 22:50:36,028 - INFO - writting SNP predictions for experiment 8
2023-02-03 22:50:36,056 - INFO - writting SNP predictions for experiment 9
2023-02-03 22:50:36,083 - INFO - writting SNP predictions for experiment 10
2023-02-03 22:50:36,110 - INFO - writting SNP predictions for experiment 11
2023-02-03 22:50:36,136 - INFO - writting SNP predictions for experiment 12
2023-02-03 22:50:36,162 - INFO - writting SNP predictions for experiment 13
2023-02-03 22:50:36,188 - INFO - writting SNP predictions for experiment 14
2023-02-03 22:50:36,213 - INFO - writting SNP predictions for experiment 15
2023-02-03 22:50:36,237 - INFO - writting SNP predictions for experiment 16
2023-02-03 22:50:36,262 - INFO - writting SNP predictions for experiment 17
2023-02-03 22:50:36,286 - INFO - writting SNP predictions for experiment 18
2023-02-03 22:50:36,310 - INFO - writting SNP predictions for experiment 19
2023-02-03 22:50:36,335 - INFO - writting SNP predictions for experiment 20
2023-02-03 22:50:36,358 - INFO - writting SNP predictions for experiment 21
2023-02-03 22:50:36,382 - INFO - writting SNP predictions for experiment 22
2023-02-03 22:50:36,406 - INFO - writting SNP predictions for experiment 23
2023-02-03 22:50:36,431 - INFO - writting SNP predictions for experiment 24
2023-02-03 22:50:36,455 - INFO - writting SNP predictions for experiment 25
2023-02-03 22:50:36,479 - INFO - writting SNP predictions for experiment 26
2023-02-03 22:50:36,502 - INFO - writting SNP predictions for experiment 27
2023-02-03 22:50:36,526 - INFO - writting SNP predictions for experiment 28
2023-02-03 22:50:36,551 - INFO - writting SNP predictions for experiment 29
2023-02-03 22:50:36,574 - INFO - writting SNP predictions for experiment 30
2023-02-03 22:50:36,598 - INFO - writting SNP predictions for experiment 31
