2023-02-03 22:48:10,409 - INFO - Note: NumExpr detected 20 cores but "NUMEXPR_MAX_THREADS" not set, so enforcing safe limit of 8.
2023-02-03 22:48:10,409 - INFO - NumExpr defaulting to 8 threads.
2023-02-03 22:48:13,204 - INFO - []
2023-02-03 22:48:13,247 - INFO - 
++++++++++++++++++

2023-02-03 22:48:13,247 - INFO - INPUT
2023-02-03 22:48:13,247 - INFO - 
++++++++++++++++++

2023-02-03 22:48:13,247 - INFO - options 
 {'genome_fasta': None, 'plot_lim_min': 0.1, 'plot_freq': 100, 'plot_map': False, 'out_dir': './', 'processes': None, 'rc': False, 'shifts': '0', 'scd_stats': 'SCD,MSS,MPS,CS', 'targets_file': None, 'batch_size': 4, 'head_index': 1, 'model_index': 0, 'background_file': '/project/fudenber_735/tensorflow_models/akita/v2/analysis/background_seqs.fa'}
2023-02-03 22:48:13,247 - INFO - 
++++++++++++++++++

2023-02-03 22:48:13,247 - INFO - args 
 ['/home1/kamulege/akita_utils/bin/background_seq_experiments/data/shuffled_seqs_scores_1/options.pkl', '/project/fudenber_735/tensorflow_models/akita/v2/models/f1c0/train/params.json', '/project/fudenber_735/tensorflow_models/akita/v2/models/f1c0/train/model1_best.h5', '/home1/kamulege/akita_utils/bin/background_seq_experiments/data/shuffled_seqs.tsv', '6']
2023-02-03 22:48:13,247 - INFO - 
++++++++++++++++++

2023-02-03 22:48:13.344089: I tensorflow/core/platform/cpu_feature_guard.cc:142] This TensorFlow binary is optimized with oneAPI Deep Neural Network Library (oneDNN) to use the following CPU instructions in performance-critical operations:  SSE4.1 SSE4.2 AVX AVX2 FMA
To enable them in other operations, rebuild TensorFlow with the appropriate compiler flags.
2023-02-03 22:48:15,537 - INFO - ===================================
2023-02-03 22:48:15,537 - INFO - Number of experiements = 33 
 It's not number of predictions. Num of predictions is this 33 x 4
2023-02-03 22:48:15,538 - INFO - ===================================
2023-02-03 22:48:15,569 - INFO - initialised stats SCD
2023-02-03 22:48:15,570 - INFO - initialised stats MPS
2023-02-03 22:48:15,571 - INFO - initialised stats CS
2023-02-03 22:48:15,572 - INFO - initialized
2023-02-03 22:50:23.336413: I tensorflow/compiler/mlir/mlir_graph_optimization_pass.cc:116] None of the MLIR optimization passes are enabled (registered 2)
2023-02-03 22:50:23.344532: I tensorflow/core/platform/profile_utils/cpu_utils.cc:112] CPU Frequency: 2394670000 Hz
2023-02-03 22:53:34,797 - INFO - writting SNP predictions for experiment 0
2023-02-03 22:53:34,825 - INFO - writting SNP predictions for experiment 1
2023-02-03 22:53:34,847 - INFO - writting SNP predictions for experiment 2
2023-02-03 22:53:34,869 - INFO - writting SNP predictions for experiment 3
2023-02-03 22:53:34,892 - INFO - writting SNP predictions for experiment 4
2023-02-03 22:53:34,914 - INFO - writting SNP predictions for experiment 5
2023-02-03 22:53:34,936 - INFO - writting SNP predictions for experiment 6
2023-02-03 22:53:34,958 - INFO - writting SNP predictions for experiment 7
2023-02-03 22:53:34,980 - INFO - writting SNP predictions for experiment 8
2023-02-03 22:53:35,001 - INFO - writting SNP predictions for experiment 9
2023-02-03 22:53:35,023 - INFO - writting SNP predictions for experiment 10
2023-02-03 22:53:35,046 - INFO - writting SNP predictions for experiment 11
2023-02-03 22:53:35,068 - INFO - writting SNP predictions for experiment 12
2023-02-03 22:53:35,090 - INFO - writting SNP predictions for experiment 13
2023-02-03 22:53:35,113 - INFO - writting SNP predictions for experiment 14
2023-02-03 22:53:35,135 - INFO - writting SNP predictions for experiment 15
2023-02-03 22:53:35,157 - INFO - writting SNP predictions for experiment 16
2023-02-03 22:53:35,179 - INFO - writting SNP predictions for experiment 17
2023-02-03 22:53:35,201 - INFO - writting SNP predictions for experiment 18
2023-02-03 22:53:35,224 - INFO - writting SNP predictions for experiment 19
2023-02-03 22:53:35,245 - INFO - writting SNP predictions for experiment 20
2023-02-03 22:53:35,267 - INFO - writting SNP predictions for experiment 21
2023-02-03 22:53:35,289 - INFO - writting SNP predictions for experiment 22
2023-02-03 22:53:35,311 - INFO - writting SNP predictions for experiment 23
2023-02-03 22:53:35,333 - INFO - writting SNP predictions for experiment 24
2023-02-03 22:53:35,356 - INFO - writting SNP predictions for experiment 25
2023-02-03 22:53:35,378 - INFO - writting SNP predictions for experiment 26
2023-02-03 22:53:35,400 - INFO - writting SNP predictions for experiment 27
2023-02-03 22:53:35,422 - INFO - writting SNP predictions for experiment 28
2023-02-03 22:53:35,444 - INFO - writting SNP predictions for experiment 29
2023-02-03 22:53:35,466 - INFO - writting SNP predictions for experiment 30
2023-02-03 22:53:35,488 - INFO - writting SNP predictions for experiment 31
2023-02-03 22:53:35,510 - INFO - writting SNP predictions for experiment 32
