2023-02-10 02:12:52,801 - INFO - Note: NumExpr detected 32 cores but "NUMEXPR_MAX_THREADS" not set, so enforcing safe limit of 8.
2023-02-10 02:12:52,801 - INFO - NumExpr defaulting to 8 threads.
2023-02-10 02:12:56,350 - INFO - []
2023-02-10 02:12:56,508 - INFO - Batch size 4
2023-02-10 02:12:56.581374: I tensorflow/core/platform/cpu_feature_guard.cc:142] This TensorFlow binary is optimized with oneAPI Deep Neural Network Library (oneDNN) to use the following CPU instructions in performance-critical operations:  SSE4.1 SSE4.2 AVX AVX2 AVX512F FMA
To enable them in other operations, rebuild TensorFlow with the appropriate compiler flags.
2023-02-10 02:12:59,349 - INFO - ===================================
2023-02-10 02:12:59,349 - INFO - Number of experiements = 20 
 It's not number of predictions. Num of predictions is upper bounded by 40 x 4 for each experiment
2023-02-10 02:12:59,349 - INFO - ===================================
2023-02-10 02:13:00.260198: I tensorflow/compiler/mlir/mlir_graph_optimization_pass.cc:116] None of the MLIR optimization passes are enabled (registered 2)
2023-02-10 02:13:00.260648: I tensorflow/core/platform/profile_utils/cpu_utils.cc:112] CPU Frequency: 2100000000 Hz
2023-02-10 02:27:20,111 - INFO - ******* last iteration *******
scores: [32.   32.   32.   20.03] 
scores pixelwise: [0.6997 0.4219 0.4758 0.3984] 
custom scores: [-2.070e+03 -2.735e+02 -1.281e+00 -3.900e+01]
2023-02-10 02:42:02,968 - INFO - ******* last iteration *******
scores: [18.17 22.62 22.62 23.77] 
scores pixelwise: [0.1615 0.2263 0.1211 0.6123] 
custom scores: [  -46.2 -3490.    -82.3   -91.1]
2023-02-10 02:56:16,537 - INFO - ******* last iteration *******
scores: [22.62 32.   41.62 22.62] 
scores pixelwise: [0.2009 0.6934 0.281  0.4836] 
custom scores: [  17.19  -107.5      1.156   -2.312]
2023-02-10 03:10:56,760 - INFO - ******* last iteration *******
scores: [32.8  28.94 22.62 45.25] 
scores pixelwise: [1.116  0.6406 0.4268 0.8125] 
custom scores: [-34.44   -6.188 -44.47   -7.36 ]
2023-02-10 03:25:16,922 - INFO - ******* last iteration *******
scores: [32.   45.25 32.   32.  ] 
scores pixelwise: [0.4087 0.3662 0.6426 0.644 ] 
custom scores: [  -1.953 -245.8      1.     -16.84 ]
2023-02-10 03:40:10,082 - INFO - ******* last iteration *******
scores: [32.   32.   33.2  18.56] 
scores pixelwise: [0.4568 0.4282 0.986  0.1991] 
custom scores: [-154.5  -924.5    -8.17 -683.5 ]
2023-02-10 03:54:41,818 - INFO - ******* last iteration *******
scores: [32.   32.   26.81 22.62] 
scores pixelwise: [0.631  0.2705 0.6855 0.1461] 
custom scores: [-474.    -92.25  -39.16  -12.19]
2023-02-10 04:09:13,649 - INFO - ******* last iteration *******
scores: [16.5  32.   22.62 22.62] 
scores pixelwise: [0.1054 0.3376 0.3264 0.2461] 
custom scores: [  23.38 -107.8  -142.   -234.  ]
2023-02-10 04:23:56,990 - INFO - ******* last iteration *******
scores: [32.   35.   45.25 45.25] 
scores pixelwise: [1.164 1.587 1.264 1.151] 
custom scores: [-213.9    -53.66    -2.688 -257.   ]
2023-02-10 04:38:53,228 - INFO - ******* last iteration *******
scores: [64. 64. 64. 64.] 
scores pixelwise: [0.2896 0.2896 0.2896 0.2896] 
custom scores: [8.266 8.266 8.266 8.266]
2023-02-10 04:53:25,034 - INFO - ******* last iteration *******
scores: [64.   45.25 64.   32.5 ] 
scores pixelwise: [1.215  0.5127 0.3057 0.731 ] 
custom scores: [  -4.953 -151.8     -4.5     -2.781]
2023-02-10 05:07:51,381 - INFO - ******* last iteration *******
scores: [32.   39.06 32.   43.75] 
scores pixelwise: [0.1658 0.6797 0.84   0.4941] 
custom scores: [  1.094 -59.56  -54.94    6.36 ]
2023-02-10 05:22:24,317 - INFO - ******* last iteration *******
scores: [90.5 90.5 90.5 90.5] 
scores pixelwise: [0.077   0.085   0.08105 0.0654 ] 
custom scores: [-19.75 -15.06 -25.1  -10.53]
2023-02-10 05:37:06,491 - INFO - ******* last iteration *******
scores: [32.   29.75 22.62 30.84] 
scores pixelwise: [0.5107 0.5044 0.4941 0.4277] 
custom scores: [ 5.156  0.922 -3.812  1.297]
/home1/kamulege/akita_utils/akita_utils/background_utils.py:84: RuntimeWarning: overflow encountered in true_divide
  custom_score +=  [3/mean + 2/std] # remove this score?!!!  maybe not
2023-02-10 05:51:35,871 - INFO - ******* last iteration *******
scores: [59.5  29.14 32.   32.78] 
scores pixelwise: [0.6826 0.636  0.464  0.5   ] 
custom scores: [ -49.75 -128.1   -11.5  -777.5 ]
/home1/kamulege/akita_utils/akita_utils/background_utils.py:84: RuntimeWarning: overflow encountered in true_divide
  custom_score +=  [3/mean + 2/std] # remove this score?!!!  maybe not
2023-02-10 06:06:09,791 - INFO - ******* last iteration *******
scores: [22.62 22.94 32.   22.62] 
scores pixelwise: [0.4312 0.5234 0.582  0.256 ] 
custom scores: [ -11.94 -146.   -218.8  -170.4 ]
2023-02-10 06:20:43,054 - INFO - ******* last iteration *******
scores: [64. 64. 64. 64.] 
scores pixelwise: [0.2896 0.2896 0.2896 0.2896] 
custom scores: [8.266 8.266 8.266 8.266]
2023-02-10 06:35:14,684 - INFO - ******* last iteration *******
scores: [45.25 22.62 45.25 22.67] 
scores pixelwise: [0.8936 0.6235 0.6143 0.4546] 
custom scores: [ -1.3125 -23.47   -20.11     6.58  ]
2023-02-10 06:49:46,540 - INFO - ******* last iteration *******
scores: [90.5 90.5 90.5 90.5] 
scores pixelwise: [0.5317 0.2832 0.3284 0.1888] 
custom scores: [6.066 4.75  4.58  6.16 ]
2023-02-10 07:04:32,602 - INFO - ******* last iteration *******
scores: [32.   22.62 32.   32.  ] 
scores pixelwise: [0.2166 0.333  0.4263 0.3162] 
custom scores: [  3.625 -21.06   -1.25  -21.62 ]
2023-02-10 07:04:32,626 - INFO - finished saving! 
 plotting next if requested
2023-02-10 07:04:32,626 - INFO - finished plotting! 
check data/flat_seqs_model5_head0 for plots
