2023-02-06 11:14:54,193 - INFO - Note: NumExpr detected 32 cores but "NUMEXPR_MAX_THREADS" not set, so enforcing safe limit of 8.
2023-02-06 11:14:54,193 - INFO - NumExpr defaulting to 8 threads.
2023-02-06 11:14:56,859 - INFO - []
2023-02-06 11:14:56,899 - INFO - 
++++++++++++++++++

2023-02-06 11:14:56,899 - INFO - INPUT
2023-02-06 11:14:56,899 - INFO - 
++++++++++++++++++

2023-02-06 11:14:56,899 - INFO - options 
 {'genome_fasta': None, 'plot_lim_min': 0.1, 'plot_freq': 100, 'plot_map': False, 'out_dir': './', 'processes': None, 'rc': False, 'shifts': '0', 'scd_stats': 'SCD,MSS,MPS,CS', 'targets_file': None, 'batch_size': 4, 'head_index': 1, 'model_index': 0}
2023-02-06 11:14:56,899 - INFO - 
++++++++++++++++++

2023-02-06 11:14:56,899 - INFO - args 
 ['data/shuffled_seqs_scores_model7/options.pkl', '/project/fudenber_735/tensorflow_models/akita/v2/models/f7c0/train/params.json', '/project/fudenber_735/tensorflow_models/akita/v2/models/f7c0/train/model1_best.h5', '/scratch1/kamulege/shuffled_seqs_copy.fa', '0']
2023-02-06 11:14:56,899 - INFO - 
++++++++++++++++++

2023-02-06 11:14:56.985119: I tensorflow/core/platform/cpu_feature_guard.cc:142] This TensorFlow binary is optimized with oneAPI Deep Neural Network Library (oneDNN) to use the following CPU instructions in performance-critical operations:  SSE4.1 SSE4.2 AVX AVX2 AVX512F FMA
To enable them in other operations, rebuild TensorFlow with the appropriate compiler flags.
2023-02-06 11:14:58,831 - INFO - initialised stats SCD
2023-02-06 11:14:58,834 - INFO - initialised stats MPS
2023-02-06 11:14:58,836 - INFO - initialised stats CS
2023-02-06 11:14:58,838 - INFO - initialized
2023-02-06 11:15:01.521136: I tensorflow/compiler/mlir/mlir_graph_optimization_pass.cc:116] None of the MLIR optimization passes are enabled (registered 2)
2023-02-06 11:15:01.538327: I tensorflow/core/platform/profile_utils/cpu_utils.cc:112] CPU Frequency: 2100000000 Hz
2023-02-06 11:15:22,367 - INFO - writting SNP predictions for experiment 0
2023-02-06 11:15:22,391 - INFO - plotting 0
2023-02-06 11:16:00,408 - INFO - writting SNP predictions for experiment 1
2023-02-06 11:16:00,431 - INFO - writting SNP predictions for experiment 2
2023-02-06 11:16:00,453 - INFO - writting SNP predictions for experiment 3
2023-02-06 11:16:00,474 - INFO - writting SNP predictions for experiment 4
